[0.269s] Invoking command in '/home/ezzedinayman/turtlebot3_localization/build/turtlebot3_fake_node': CMAKE_PREFIX_PATH=/home/ezzedinayman/ros2_ws/install/my_robot_controller:/home/ezzedinayman/ros2_ws/install/coppelia:/opt/ros/humble /home/ezzedinayman/.local/bin/cmake /home/ezzedinayman/turtlebot3_localization/src/turtlebot3_simulations/turtlebot3_fake_node -DCMAKE_INSTALL_PREFIX=/home/ezzedinayman/turtlebot3_localization/install/turtlebot3_fake_node
[0.371s] -- The C compiler identification is GNU 11.4.0
[0.445s] -- The CXX compiler identification is GNU 11.4.0
[0.462s] -- Detecting C compiler ABI info
[0.526s] -- Detecting C compiler ABI info - done
[0.539s] -- Check for working C compiler: /usr/bin/cc - skipped
[0.539s] -- Detecting C compile features
[0.540s] -- Detecting C compile features - done
[0.549s] -- Detecting CXX compiler ABI info
[0.621s] -- Detecting CXX compiler ABI info - done
[0.642s] -- Check for working CXX compiler: /usr/bin/c++ - skipped
[0.642s] -- Detecting CXX compile features
[0.643s] -- Detecting CXX compile features - done
[0.651s] -- Found ament_cmake: 1.3.5 (/opt/ros/humble/share/ament_cmake/cmake)
[1.444s] -- Found Python3: /usr/bin/python3.10 (found version "3.10.12") found components: Interpreter 
[1.554s] -- Found geometry_msgs: 4.2.3 (/opt/ros/humble/share/geometry_msgs/cmake)
[1.624s] -- Found rosidl_generator_c: 3.1.5 (/opt/ros/humble/share/rosidl_generator_c/cmake)
[1.633s] -- Found rosidl_adapter: 3.1.5 (/opt/ros/humble/share/rosidl_adapter/cmake)
[1.647s] -- Found rosidl_generator_cpp: 3.1.5 (/opt/ros/humble/share/rosidl_generator_cpp/cmake)
[1.670s] -- Using all available rosidl_typesupport_c: rosidl_typesupport_fastrtps_c;rosidl_typesupport_introspection_c
[1.708s] -- Using all available rosidl_typesupport_cpp: rosidl_typesupport_fastrtps_cpp;rosidl_typesupport_introspection_cpp
[1.892s] -- Found nav_msgs: 4.2.3 (/opt/ros/humble/share/nav_msgs/cmake)
[1.996s] -- Found rclcpp: 16.0.6 (/opt/ros/humble/share/rclcpp/cmake)
[2.084s] -- Found rmw_implementation_cmake: 6.1.1 (/opt/ros/humble/share/rmw_implementation_cmake/cmake)
[2.088s] -- Found rmw_fastrtps_cpp: 6.2.4 (/opt/ros/humble/share/rmw_fastrtps_cpp/cmake)
[2.196s] -- Found OpenSSL: /usr/lib/x86_64-linux-gnu/libcrypto.so (found version "3.0.2")  
[2.227s] -- Found FastRTPS: /opt/ros/humble/include  
[2.284s] -- Using RMW implementation 'rmw_fastrtps_cpp' as default
[2.297s] -- Performing Test CMAKE_HAVE_LIBC_PTHREAD
[2.354s] -- Performing Test CMAKE_HAVE_LIBC_PTHREAD - Success
[2.355s] -- Found Threads: TRUE  
[2.521s] -- Found sensor_msgs: 4.2.3 (/opt/ros/humble/share/sensor_msgs/cmake)
[2.644s] -- Found tf2: 0.25.4 (/opt/ros/humble/share/tf2/cmake)
[2.663s] -- Found tf2_msgs: 0.25.4 (/opt/ros/humble/share/tf2_msgs/cmake)
[2.841s] -- Found turtlebot3_msgs: 2.2.3 (/opt/ros/humble/share/turtlebot3_msgs/cmake)
[2.998s] -- Configuring done (2.7s)
[3.013s] -- Generating done (0.0s)
[3.016s] -- Build files have been written to: /home/ezzedinayman/turtlebot3_localization/build/turtlebot3_fake_node
[3.027s] Invoked command in '/home/ezzedinayman/turtlebot3_localization/build/turtlebot3_fake_node' returned '0': CMAKE_PREFIX_PATH=/home/ezzedinayman/ros2_ws/install/my_robot_controller:/home/ezzedinayman/ros2_ws/install/coppelia:/opt/ros/humble /home/ezzedinayman/.local/bin/cmake /home/ezzedinayman/turtlebot3_localization/src/turtlebot3_simulations/turtlebot3_fake_node -DCMAKE_INSTALL_PREFIX=/home/ezzedinayman/turtlebot3_localization/install/turtlebot3_fake_node
[3.030s] Invoking command in '/home/ezzedinayman/turtlebot3_localization/build/turtlebot3_fake_node': CMAKE_PREFIX_PATH=/home/ezzedinayman/ros2_ws/install/my_robot_controller:/home/ezzedinayman/ros2_ws/install/coppelia:/opt/ros/humble /home/ezzedinayman/.local/bin/cmake --build /home/ezzedinayman/turtlebot3_localization/build/turtlebot3_fake_node -- -j8 -l8
[3.073s] [ 50%] [32mBuilding CXX object CMakeFiles/turtlebot3_fake_node.dir/src/turtlebot3_fake_node.cpp.o[0m
[16.563s] [100%] [32m[1mLinking CXX executable turtlebot3_fake_node[0m
[17.678s] [100%] Built target turtlebot3_fake_node
[17.693s] Invoked command in '/home/ezzedinayman/turtlebot3_localization/build/turtlebot3_fake_node' returned '0': CMAKE_PREFIX_PATH=/home/ezzedinayman/ros2_ws/install/my_robot_controller:/home/ezzedinayman/ros2_ws/install/coppelia:/opt/ros/humble /home/ezzedinayman/.local/bin/cmake --build /home/ezzedinayman/turtlebot3_localization/build/turtlebot3_fake_node -- -j8 -l8
[17.843s] Invoking command in '/home/ezzedinayman/turtlebot3_localization/build/turtlebot3_fake_node': CMAKE_PREFIX_PATH=/home/ezzedinayman/ros2_ws/install/my_robot_controller:/home/ezzedinayman/ros2_ws/install/coppelia:/opt/ros/humble /home/ezzedinayman/.local/bin/cmake --install /home/ezzedinayman/turtlebot3_localization/build/turtlebot3_fake_node
[17.892s] -- Install configuration: ""
[17.893s] -- Installing: /home/ezzedinayman/turtlebot3_localization/install/turtlebot3_fake_node/lib/turtlebot3_fake_node/turtlebot3_fake_node
[17.899s] -- Set runtime path of "/home/ezzedinayman/turtlebot3_localization/install/turtlebot3_fake_node/lib/turtlebot3_fake_node/turtlebot3_fake_node" to ""
[17.899s] -- Installing: /home/ezzedinayman/turtlebot3_localization/install/turtlebot3_fake_node/share/turtlebot3_fake_node/launch
[17.899s] -- Installing: /home/ezzedinayman/turtlebot3_localization/install/turtlebot3_fake_node/share/turtlebot3_fake_node/launch/rviz2.launch.py
[17.899s] -- Installing: /home/ezzedinayman/turtlebot3_localization/install/turtlebot3_fake_node/share/turtlebot3_fake_node/launch/turtlebot3_fake_node.launch.py
[17.899s] -- Installing: /home/ezzedinayman/turtlebot3_localization/install/turtlebot3_fake_node/share/turtlebot3_fake_node/param
[17.900s] -- Installing: /home/ezzedinayman/turtlebot3_localization/install/turtlebot3_fake_node/share/turtlebot3_fake_node/param/burger.yaml
[17.900s] -- Installing: /home/ezzedinayman/turtlebot3_localization/install/turtlebot3_fake_node/share/turtlebot3_fake_node/param/waffle_pi.yaml
[17.900s] -- Installing: /home/ezzedinayman/turtlebot3_localization/install/turtlebot3_fake_node/share/turtlebot3_fake_node/param/waffle.yaml
[17.900s] -- Installing: /home/ezzedinayman/turtlebot3_localization/install/turtlebot3_fake_node/include/
[17.900s] -- Installing: /home/ezzedinayman/turtlebot3_localization/install/turtlebot3_fake_node/include//turtlebot3_fake_node
[17.900s] -- Installing: /home/ezzedinayman/turtlebot3_localization/install/turtlebot3_fake_node/include//turtlebot3_fake_node/turtlebot3_fake_node.hpp
[17.900s] -- Installing: /home/ezzedinayman/turtlebot3_localization/install/turtlebot3_fake_node/share/ament_index/resource_index/package_run_dependencies/turtlebot3_fake_node
[17.901s] -- Installing: /home/ezzedinayman/turtlebot3_localization/install/turtlebot3_fake_node/share/ament_index/resource_index/parent_prefix_path/turtlebot3_fake_node
[17.901s] -- Installing: /home/ezzedinayman/turtlebot3_localization/install/turtlebot3_fake_node/share/turtlebot3_fake_node/environment/ament_prefix_path.sh
[17.901s] -- Installing: /home/ezzedinayman/turtlebot3_localization/install/turtlebot3_fake_node/share/turtlebot3_fake_node/environment/ament_prefix_path.dsv
[17.901s] -- Installing: /home/ezzedinayman/turtlebot3_localization/install/turtlebot3_fake_node/share/turtlebot3_fake_node/environment/path.sh
[17.902s] -- Installing: /home/ezzedinayman/turtlebot3_localization/install/turtlebot3_fake_node/share/turtlebot3_fake_node/environment/path.dsv
[17.902s] -- Installing: /home/ezzedinayman/turtlebot3_localization/install/turtlebot3_fake_node/share/turtlebot3_fake_node/local_setup.bash
[17.902s] -- Installing: /home/ezzedinayman/turtlebot3_localization/install/turtlebot3_fake_node/share/turtlebot3_fake_node/local_setup.sh
[17.902s] -- Installing: /home/ezzedinayman/turtlebot3_localization/install/turtlebot3_fake_node/share/turtlebot3_fake_node/local_setup.zsh
[17.902s] -- Installing: /home/ezzedinayman/turtlebot3_localization/install/turtlebot3_fake_node/share/turtlebot3_fake_node/local_setup.dsv
[17.902s] -- Installing: /home/ezzedinayman/turtlebot3_localization/install/turtlebot3_fake_node/share/turtlebot3_fake_node/package.dsv
[17.903s] -- Installing: /home/ezzedinayman/turtlebot3_localization/install/turtlebot3_fake_node/share/ament_index/resource_index/packages/turtlebot3_fake_node
[17.903s] -- Installing: /home/ezzedinayman/turtlebot3_localization/install/turtlebot3_fake_node/share/turtlebot3_fake_node/cmake/ament_cmake_export_include_directories-extras.cmake
[17.903s] -- Installing: /home/ezzedinayman/turtlebot3_localization/install/turtlebot3_fake_node/share/turtlebot3_fake_node/cmake/ament_cmake_export_dependencies-extras.cmake
[17.903s] -- Installing: /home/ezzedinayman/turtlebot3_localization/install/turtlebot3_fake_node/share/turtlebot3_fake_node/cmake/turtlebot3_fake_nodeConfig.cmake
[17.904s] -- Installing: /home/ezzedinayman/turtlebot3_localization/install/turtlebot3_fake_node/share/turtlebot3_fake_node/cmake/turtlebot3_fake_nodeConfig-version.cmake
[17.904s] -- Installing: /home/ezzedinayman/turtlebot3_localization/install/turtlebot3_fake_node/share/turtlebot3_fake_node/package.xml
[17.912s] Invoked command in '/home/ezzedinayman/turtlebot3_localization/build/turtlebot3_fake_node' returned '0': CMAKE_PREFIX_PATH=/home/ezzedinayman/ros2_ws/install/my_robot_controller:/home/ezzedinayman/ros2_ws/install/coppelia:/opt/ros/humble /home/ezzedinayman/.local/bin/cmake --install /home/ezzedinayman/turtlebot3_localization/build/turtlebot3_fake_node
