[0.141s] Invoking command in '/home/ezzedinayman/turtlebot3_localization/build/turtlebot3_simulations': CMAKE_PREFIX_PATH=/home/ezzedinayman/turtlebot3_localization/install/turtlebot3_gazebo:/home/ezzedinayman/turtlebot3_localization/install/turtlebot3_fake_node:/home/ezzedinayman/turtlebot3_localization/install/turtlebot3_simulations:/home/ezzedinayman/turtlebot3_localization/install/kalman_filter:/home/ezzedinayman/ros2_ws/install/my_robot_controller:/home/ezzedinayman/ros2_ws/install/coppelia:/opt/ros/humble /home/ezzedinayman/.local/bin/cmake --build /home/ezzedinayman/turtlebot3_localization/build/turtlebot3_simulations -- -j8 -l8
[0.192s] Invoked command in '/home/ezzedinayman/turtlebot3_localization/build/turtlebot3_simulations' returned '0': CMAKE_PREFIX_PATH=/home/ezzedinayman/turtlebot3_localization/install/turtlebot3_gazebo:/home/ezzedinayman/turtlebot3_localization/install/turtlebot3_fake_node:/home/ezzedinayman/turtlebot3_localization/install/turtlebot3_simulations:/home/ezzedinayman/turtlebot3_localization/install/kalman_filter:/home/ezzedinayman/ros2_ws/install/my_robot_controller:/home/ezzedinayman/ros2_ws/install/coppelia:/opt/ros/humble /home/ezzedinayman/.local/bin/cmake --build /home/ezzedinayman/turtlebot3_localization/build/turtlebot3_simulations -- -j8 -l8
[0.253s] Invoking command in '/home/ezzedinayman/turtlebot3_localization/build/turtlebot3_simulations': CMAKE_PREFIX_PATH=/home/ezzedinayman/turtlebot3_localization/install/turtlebot3_gazebo:/home/ezzedinayman/turtlebot3_localization/install/turtlebot3_fake_node:/home/ezzedinayman/turtlebot3_localization/install/turtlebot3_simulations:/home/ezzedinayman/turtlebot3_localization/install/kalman_filter:/home/ezzedinayman/ros2_ws/install/my_robot_controller:/home/ezzedinayman/ros2_ws/install/coppelia:/opt/ros/humble /home/ezzedinayman/.local/bin/cmake --install /home/ezzedinayman/turtlebot3_localization/build/turtlebot3_simulations
[0.287s] -- Install configuration: ""
[0.288s] -- Execute custom install script
[0.288s] -- Up-to-date symlink: /home/ezzedinayman/turtlebot3_localization/install/turtlebot3_simulations/share/ament_index/resource_index/package_run_dependencies/turtlebot3_simulations
[0.289s] -- Up-to-date symlink: /home/ezzedinayman/turtlebot3_localization/install/turtlebot3_simulations/share/ament_index/resource_index/parent_prefix_path/turtlebot3_simulations
[0.289s] -- Up-to-date symlink: /home/ezzedinayman/turtlebot3_localization/install/turtlebot3_simulations/share/turtlebot3_simulations/environment/ament_prefix_path.sh
[0.289s] -- Up-to-date symlink: /home/ezzedinayman/turtlebot3_localization/install/turtlebot3_simulations/share/turtlebot3_simulations/environment/ament_prefix_path.dsv
[0.289s] -- Up-to-date symlink: /home/ezzedinayman/turtlebot3_localization/install/turtlebot3_simulations/share/turtlebot3_simulations/environment/path.sh
[0.290s] -- Up-to-date symlink: /home/ezzedinayman/turtlebot3_localization/install/turtlebot3_simulations/share/turtlebot3_simulations/environment/path.dsv
[0.290s] -- Up-to-date symlink: /home/ezzedinayman/turtlebot3_localization/install/turtlebot3_simulations/share/turtlebot3_simulations/local_setup.bash
[0.290s] -- Up-to-date symlink: /home/ezzedinayman/turtlebot3_localization/install/turtlebot3_simulations/share/turtlebot3_simulations/local_setup.sh
[0.290s] -- Up-to-date symlink: /home/ezzedinayman/turtlebot3_localization/install/turtlebot3_simulations/share/turtlebot3_simulations/local_setup.zsh
[0.291s] -- Up-to-date symlink: /home/ezzedinayman/turtlebot3_localization/install/turtlebot3_simulations/share/turtlebot3_simulations/local_setup.dsv
[0.291s] -- Symlinking: /home/ezzedinayman/turtlebot3_localization/install/turtlebot3_simulations/share/turtlebot3_simulations/package.dsv
[0.294s] -- Up-to-date symlink: /home/ezzedinayman/turtlebot3_localization/install/turtlebot3_simulations/share/ament_index/resource_index/packages/turtlebot3_simulations
[0.294s] -- Up-to-date symlink: /home/ezzedinayman/turtlebot3_localization/install/turtlebot3_simulations/share/turtlebot3_simulations/cmake/turtlebot3_simulationsConfig.cmake
[0.294s] -- Up-to-date symlink: /home/ezzedinayman/turtlebot3_localization/install/turtlebot3_simulations/share/turtlebot3_simulations/cmake/turtlebot3_simulationsConfig-version.cmake
[0.294s] -- Up-to-date symlink: /home/ezzedinayman/turtlebot3_localization/install/turtlebot3_simulations/share/turtlebot3_simulations/package.xml
[0.300s] Invoked command in '/home/ezzedinayman/turtlebot3_localization/build/turtlebot3_simulations' returned '0': CMAKE_PREFIX_PATH=/home/ezzedinayman/turtlebot3_localization/install/turtlebot3_gazebo:/home/ezzedinayman/turtlebot3_localization/install/turtlebot3_fake_node:/home/ezzedinayman/turtlebot3_localization/install/turtlebot3_simulations:/home/ezzedinayman/turtlebot3_localization/install/kalman_filter:/home/ezzedinayman/ros2_ws/install/my_robot_controller:/home/ezzedinayman/ros2_ws/install/coppelia:/opt/ros/humble /home/ezzedinayman/.local/bin/cmake --install /home/ezzedinayman/turtlebot3_localization/build/turtlebot3_simulations
