[0.262s] Invoking command in '/home/ezzedinayman/turtlebot3_localization/build/turtlebot3_fake_node': CMAKE_PREFIX_PATH=/home/ezzedinayman/ros2_ws/install/my_robot_controller:/home/ezzedinayman/ros2_ws/install/coppelia:/opt/ros/humble /home/ezzedinayman/.local/bin/cmake /home/ezzedinayman/turtlebot3_localization/src/turtlebot3_simulations/turtlebot3_fake_node -DAMENT_CMAKE_SYMLINK_INSTALL=1 -DCMAKE_INSTALL_PREFIX=/home/ezzedinayman/turtlebot3_localization/install/turtlebot3_fake_node
[0.297s] -- Found ament_cmake: 1.3.5 (/opt/ros/humble/share/ament_cmake/cmake)
[0.515s] -- Override CMake install command with custom implementation using symlinks instead of copying resources
[0.527s] -- Found geometry_msgs: 4.2.3 (/opt/ros/humble/share/geometry_msgs/cmake)
[0.578s] -- Found rosidl_generator_c: 3.1.5 (/opt/ros/humble/share/rosidl_generator_c/cmake)
[0.581s] -- Found rosidl_adapter: 3.1.5 (/opt/ros/humble/share/rosidl_adapter/cmake)
[0.589s] -- Found rosidl_generator_cpp: 3.1.5 (/opt/ros/humble/share/rosidl_generator_cpp/cmake)
[0.604s] -- Using all available rosidl_typesupport_c: rosidl_typesupport_fastrtps_c;rosidl_typesupport_introspection_c
[0.626s] -- Using all available rosidl_typesupport_cpp: rosidl_typesupport_fastrtps_cpp;rosidl_typesupport_introspection_cpp
[0.793s] -- Found nav_msgs: 4.2.3 (/opt/ros/humble/share/nav_msgs/cmake)
[0.898s] -- Found rclcpp: 16.0.6 (/opt/ros/humble/share/rclcpp/cmake)
[0.963s] -- Found rmw_implementation_cmake: 6.1.1 (/opt/ros/humble/share/rmw_implementation_cmake/cmake)
[0.965s] -- Found rmw_fastrtps_cpp: 6.2.4 (/opt/ros/humble/share/rmw_fastrtps_cpp/cmake)
[1.111s] -- Using RMW implementation 'rmw_fastrtps_cpp' as default
[1.276s] -- Found sensor_msgs: 4.2.3 (/opt/ros/humble/share/sensor_msgs/cmake)
[1.384s] -- Found tf2: 0.25.4 (/opt/ros/humble/share/tf2/cmake)
[1.395s] -- Found tf2_msgs: 0.25.4 (/opt/ros/humble/share/tf2_msgs/cmake)
[1.585s] -- Found turtlebot3_msgs: 2.2.3 (/opt/ros/humble/share/turtlebot3_msgs/cmake)
[1.769s] -- Configuring done (1.5s)
[1.786s] -- Generating done (0.0s)
[1.790s] -- Build files have been written to: /home/ezzedinayman/turtlebot3_localization/build/turtlebot3_fake_node
[1.804s] Invoked command in '/home/ezzedinayman/turtlebot3_localization/build/turtlebot3_fake_node' returned '0': CMAKE_PREFIX_PATH=/home/ezzedinayman/ros2_ws/install/my_robot_controller:/home/ezzedinayman/ros2_ws/install/coppelia:/opt/ros/humble /home/ezzedinayman/.local/bin/cmake /home/ezzedinayman/turtlebot3_localization/src/turtlebot3_simulations/turtlebot3_fake_node -DAMENT_CMAKE_SYMLINK_INSTALL=1 -DCMAKE_INSTALL_PREFIX=/home/ezzedinayman/turtlebot3_localization/install/turtlebot3_fake_node
[1.805s] Invoking command in '/home/ezzedinayman/turtlebot3_localization/build/turtlebot3_fake_node': CMAKE_PREFIX_PATH=/home/ezzedinayman/ros2_ws/install/my_robot_controller:/home/ezzedinayman/ros2_ws/install/coppelia:/opt/ros/humble /home/ezzedinayman/.local/bin/cmake --build /home/ezzedinayman/turtlebot3_localization/build/turtlebot3_fake_node -- -j8 -l8
[1.864s] [ 50%] [32m[1mLinking CXX executable turtlebot3_fake_node[0m
[2.382s] [100%] Built target turtlebot3_fake_node
[2.393s] Invoked command in '/home/ezzedinayman/turtlebot3_localization/build/turtlebot3_fake_node' returned '0': CMAKE_PREFIX_PATH=/home/ezzedinayman/ros2_ws/install/my_robot_controller:/home/ezzedinayman/ros2_ws/install/coppelia:/opt/ros/humble /home/ezzedinayman/.local/bin/cmake --build /home/ezzedinayman/turtlebot3_localization/build/turtlebot3_fake_node -- -j8 -l8
[2.488s] Invoking command in '/home/ezzedinayman/turtlebot3_localization/build/turtlebot3_fake_node': CMAKE_PREFIX_PATH=/home/ezzedinayman/ros2_ws/install/my_robot_controller:/home/ezzedinayman/ros2_ws/install/coppelia:/opt/ros/humble /home/ezzedinayman/.local/bin/cmake --install /home/ezzedinayman/turtlebot3_localization/build/turtlebot3_fake_node
[2.523s] -- Install configuration: ""
[2.524s] -- Execute custom install script
[2.524s] -- Symlinking: /home/ezzedinayman/turtlebot3_localization/install/turtlebot3_fake_node/lib/turtlebot3_fake_node/turtlebot3_fake_node
[2.529s] -- Symlinking: /home/ezzedinayman/turtlebot3_localization/install/turtlebot3_fake_node/share/turtlebot3_fake_node/launch/rviz2.launch.py
[2.533s] -- Symlinking: /home/ezzedinayman/turtlebot3_localization/install/turtlebot3_fake_node/share/turtlebot3_fake_node/launch/turtlebot3_fake_node.launch.py
[2.536s] -- Symlinking: /home/ezzedinayman/turtlebot3_localization/install/turtlebot3_fake_node/share/turtlebot3_fake_node/param/burger.yaml
[2.540s] -- Symlinking: /home/ezzedinayman/turtlebot3_localization/install/turtlebot3_fake_node/share/turtlebot3_fake_node/param/waffle.yaml
[2.543s] -- Symlinking: /home/ezzedinayman/turtlebot3_localization/install/turtlebot3_fake_node/share/turtlebot3_fake_node/param/waffle_pi.yaml
[2.546s] -- Symlinking: /home/ezzedinayman/turtlebot3_localization/install/turtlebot3_fake_node/include//turtlebot3_fake_node/turtlebot3_fake_node.hpp
[2.549s] -- Symlinking: /home/ezzedinayman/turtlebot3_localization/install/turtlebot3_fake_node/share/ament_index/resource_index/package_run_dependencies/turtlebot3_fake_node
[2.552s] -- Symlinking: /home/ezzedinayman/turtlebot3_localization/install/turtlebot3_fake_node/share/ament_index/resource_index/parent_prefix_path/turtlebot3_fake_node
[2.555s] -- Symlinking: /home/ezzedinayman/turtlebot3_localization/install/turtlebot3_fake_node/share/turtlebot3_fake_node/environment/ament_prefix_path.sh
[2.557s] -- Symlinking: /home/ezzedinayman/turtlebot3_localization/install/turtlebot3_fake_node/share/turtlebot3_fake_node/environment/ament_prefix_path.dsv
[2.560s] -- Symlinking: /home/ezzedinayman/turtlebot3_localization/install/turtlebot3_fake_node/share/turtlebot3_fake_node/environment/path.sh
[2.563s] -- Symlinking: /home/ezzedinayman/turtlebot3_localization/install/turtlebot3_fake_node/share/turtlebot3_fake_node/environment/path.dsv
[2.566s] -- Symlinking: /home/ezzedinayman/turtlebot3_localization/install/turtlebot3_fake_node/share/turtlebot3_fake_node/local_setup.bash
[2.570s] -- Symlinking: /home/ezzedinayman/turtlebot3_localization/install/turtlebot3_fake_node/share/turtlebot3_fake_node/local_setup.sh
[2.573s] -- Symlinking: /home/ezzedinayman/turtlebot3_localization/install/turtlebot3_fake_node/share/turtlebot3_fake_node/local_setup.zsh
[2.576s] -- Symlinking: /home/ezzedinayman/turtlebot3_localization/install/turtlebot3_fake_node/share/turtlebot3_fake_node/local_setup.dsv
[2.579s] -- Symlinking: /home/ezzedinayman/turtlebot3_localization/install/turtlebot3_fake_node/share/turtlebot3_fake_node/package.dsv
[2.582s] -- Symlinking: /home/ezzedinayman/turtlebot3_localization/install/turtlebot3_fake_node/share/ament_index/resource_index/packages/turtlebot3_fake_node
[2.584s] -- Symlinking: /home/ezzedinayman/turtlebot3_localization/install/turtlebot3_fake_node/share/turtlebot3_fake_node/cmake/ament_cmake_export_include_directories-extras.cmake
[2.587s] -- Symlinking: /home/ezzedinayman/turtlebot3_localization/install/turtlebot3_fake_node/share/turtlebot3_fake_node/cmake/ament_cmake_export_dependencies-extras.cmake
[2.590s] -- Symlinking: /home/ezzedinayman/turtlebot3_localization/install/turtlebot3_fake_node/share/turtlebot3_fake_node/cmake/turtlebot3_fake_nodeConfig.cmake
[2.592s] -- Symlinking: /home/ezzedinayman/turtlebot3_localization/install/turtlebot3_fake_node/share/turtlebot3_fake_node/cmake/turtlebot3_fake_nodeConfig-version.cmake
[2.595s] -- Symlinking: /home/ezzedinayman/turtlebot3_localization/install/turtlebot3_fake_node/share/turtlebot3_fake_node/package.xml
[2.602s] Invoked command in '/home/ezzedinayman/turtlebot3_localization/build/turtlebot3_fake_node' returned '0': CMAKE_PREFIX_PATH=/home/ezzedinayman/ros2_ws/install/my_robot_controller:/home/ezzedinayman/ros2_ws/install/coppelia:/opt/ros/humble /home/ezzedinayman/.local/bin/cmake --install /home/ezzedinayman/turtlebot3_localization/build/turtlebot3_fake_node
