[1.143s] DEBUG:colcon:Command line arguments: ['/usr/bin/colcon', 'build']
[1.143s] DEBUG:colcon:Parsed command line arguments: Namespace(log_base=None, log_level=None, verb_name='build', build_base='build', install_base='install', merge_install=False, symlink_install=False, test_result_base=None, continue_on_error=False, executor='parallel', parallel_workers=8, event_handlers=None, ignore_user_meta=False, metas=['./colcon.meta'], base_paths=['.'], packages_ignore=None, packages_ignore_regex=None, paths=None, packages_up_to=None, packages_up_to_regex=None, packages_above=None, packages_above_and_dependencies=None, packages_above_depth=None, packages_select_by_dep=None, packages_skip_by_dep=None, packages_skip_up_to=None, packages_select_build_failed=False, packages_skip_build_finished=False, packages_select_test_failures=False, packages_skip_test_passed=False, packages_select=None, packages_skip=None, packages_select_regex=None, packages_skip_regex=None, packages_start=None, packages_end=None, allow_overriding=[], cmake_args=None, cmake_target=None, cmake_target_skip_unavailable=False, cmake_clean_cache=False, cmake_clean_first=False, cmake_force_configure=False, ament_cmake_args=None, catkin_cmake_args=None, catkin_skip_building_tests=False, verb_parser=<colcon_defaults.argument_parser.defaults.DefaultArgumentsDecorator object at 0x7f5722a4ace0>, verb_extension=<colcon_core.verb.build.BuildVerb object at 0x7f57229ded40>, main=<bound method BuildVerb.main of <colcon_core.verb.build.BuildVerb object at 0x7f57229ded40>>)
[1.194s] Level 1:colcon.colcon_core.package_discovery:discover_packages(colcon_meta) check parameters
[1.194s] Level 1:colcon.colcon_core.package_discovery:discover_packages(recursive) check parameters
[1.194s] Level 1:colcon.colcon_core.package_discovery:discover_packages(ignore) check parameters
[1.194s] Level 1:colcon.colcon_core.package_discovery:discover_packages(path) check parameters
[1.194s] Level 1:colcon.colcon_core.package_discovery:discover_packages(colcon_meta) discover
[1.194s] Level 1:colcon.colcon_core.package_discovery:discover_packages(recursive) discover
[1.194s] INFO:colcon.colcon_core.package_discovery:Crawling recursively for packages in '/home/ezzedinayman/turtlebot3_localization'
[1.194s] Level 1:colcon.colcon_core.package_identification:_identify(.) by extensions ['ignore', 'ignore_ament_install']
[1.194s] Level 1:colcon.colcon_core.package_identification:_identify(.) by extension 'ignore'
[1.194s] Level 1:colcon.colcon_core.package_identification:_identify(.) by extension 'ignore_ament_install'
[1.194s] Level 1:colcon.colcon_core.package_identification:_identify(.) by extensions ['colcon_pkg']
[1.194s] Level 1:colcon.colcon_core.package_identification:_identify(.) by extension 'colcon_pkg'
[1.194s] Level 1:colcon.colcon_core.package_identification:_identify(.) by extensions ['colcon_meta']
[1.194s] Level 1:colcon.colcon_core.package_identification:_identify(.) by extension 'colcon_meta'
[1.194s] Level 1:colcon.colcon_core.package_identification:_identify(.) by extensions ['ros']
[1.194s] Level 1:colcon.colcon_core.package_identification:_identify(.) by extension 'ros'
[1.204s] Level 1:colcon.colcon_core.package_identification:_identify(.) by extensions ['cmake', 'python']
[1.204s] Level 1:colcon.colcon_core.package_identification:_identify(.) by extension 'cmake'
[1.204s] Level 1:colcon.colcon_core.package_identification:_identify(.) by extension 'python'
[1.204s] Level 1:colcon.colcon_core.package_identification:_identify(.) by extensions ['python_setup_py']
[1.204s] Level 1:colcon.colcon_core.package_identification:_identify(.) by extension 'python_setup_py'
[1.204s] Level 1:colcon.colcon_core.package_identification:_identify(build) by extensions ['ignore', 'ignore_ament_install']
[1.204s] Level 1:colcon.colcon_core.package_identification:_identify(build) by extension 'ignore'
[1.204s] Level 1:colcon.colcon_core.package_identification:_identify(build) ignored
[1.205s] Level 1:colcon.colcon_core.package_identification:_identify(install) by extensions ['ignore', 'ignore_ament_install']
[1.205s] Level 1:colcon.colcon_core.package_identification:_identify(install) by extension 'ignore'
[1.205s] Level 1:colcon.colcon_core.package_identification:_identify(install) ignored
[1.205s] Level 1:colcon.colcon_core.package_identification:_identify(log) by extensions ['ignore', 'ignore_ament_install']
[1.205s] Level 1:colcon.colcon_core.package_identification:_identify(log) by extension 'ignore'
[1.205s] Level 1:colcon.colcon_core.package_identification:_identify(log) ignored
[1.205s] Level 1:colcon.colcon_core.package_identification:_identify(src) by extensions ['ignore', 'ignore_ament_install']
[1.205s] Level 1:colcon.colcon_core.package_identification:_identify(src) by extension 'ignore'
[1.205s] Level 1:colcon.colcon_core.package_identification:_identify(src) by extension 'ignore_ament_install'
[1.205s] Level 1:colcon.colcon_core.package_identification:_identify(src) by extensions ['colcon_pkg']
[1.205s] Level 1:colcon.colcon_core.package_identification:_identify(src) by extension 'colcon_pkg'
[1.205s] Level 1:colcon.colcon_core.package_identification:_identify(src) by extensions ['colcon_meta']
[1.205s] Level 1:colcon.colcon_core.package_identification:_identify(src) by extension 'colcon_meta'
[1.205s] Level 1:colcon.colcon_core.package_identification:_identify(src) by extensions ['ros']
[1.205s] Level 1:colcon.colcon_core.package_identification:_identify(src) by extension 'ros'
[1.205s] Level 1:colcon.colcon_core.package_identification:_identify(src) by extensions ['cmake', 'python']
[1.205s] Level 1:colcon.colcon_core.package_identification:_identify(src) by extension 'cmake'
[1.205s] Level 1:colcon.colcon_core.package_identification:_identify(src) by extension 'python'
[1.205s] Level 1:colcon.colcon_core.package_identification:_identify(src) by extensions ['python_setup_py']
[1.205s] Level 1:colcon.colcon_core.package_identification:_identify(src) by extension 'python_setup_py'
[1.206s] Level 1:colcon.colcon_core.package_identification:_identify(src/kalman_filter) by extensions ['ignore', 'ignore_ament_install']
[1.206s] Level 1:colcon.colcon_core.package_identification:_identify(src/kalman_filter) by extension 'ignore'
[1.206s] Level 1:colcon.colcon_core.package_identification:_identify(src/kalman_filter) by extension 'ignore_ament_install'
[1.206s] Level 1:colcon.colcon_core.package_identification:_identify(src/kalman_filter) by extensions ['colcon_pkg']
[1.206s] Level 1:colcon.colcon_core.package_identification:_identify(src/kalman_filter) by extension 'colcon_pkg'
[1.206s] Level 1:colcon.colcon_core.package_identification:_identify(src/kalman_filter) by extensions ['colcon_meta']
[1.206s] Level 1:colcon.colcon_core.package_identification:_identify(src/kalman_filter) by extension 'colcon_meta'
[1.206s] Level 1:colcon.colcon_core.package_identification:_identify(src/kalman_filter) by extensions ['ros']
[1.206s] Level 1:colcon.colcon_core.package_identification:_identify(src/kalman_filter) by extension 'ros'
[1.208s] DEBUG:colcon.colcon_core.package_identification:Package 'src/kalman_filter' with type 'ros.ament_python' and name 'kalman_filter'
[1.208s] Level 1:colcon.colcon_core.package_identification:_identify(src/turtlebot3_simulations) by extensions ['ignore', 'ignore_ament_install']
[1.208s] Level 1:colcon.colcon_core.package_identification:_identify(src/turtlebot3_simulations) by extension 'ignore'
[1.208s] Level 1:colcon.colcon_core.package_identification:_identify(src/turtlebot3_simulations) by extension 'ignore_ament_install'
[1.208s] Level 1:colcon.colcon_core.package_identification:_identify(src/turtlebot3_simulations) by extensions ['colcon_pkg']
[1.208s] Level 1:colcon.colcon_core.package_identification:_identify(src/turtlebot3_simulations) by extension 'colcon_pkg'
[1.208s] Level 1:colcon.colcon_core.package_identification:_identify(src/turtlebot3_simulations) by extensions ['colcon_meta']
[1.208s] Level 1:colcon.colcon_core.package_identification:_identify(src/turtlebot3_simulations) by extension 'colcon_meta'
[1.208s] Level 1:colcon.colcon_core.package_identification:_identify(src/turtlebot3_simulations) by extensions ['ros']
[1.208s] Level 1:colcon.colcon_core.package_identification:_identify(src/turtlebot3_simulations) by extension 'ros'
[1.208s] Level 1:colcon.colcon_core.package_identification:_identify(src/turtlebot3_simulations) by extensions ['cmake', 'python']
[1.208s] Level 1:colcon.colcon_core.package_identification:_identify(src/turtlebot3_simulations) by extension 'cmake'
[1.208s] Level 1:colcon.colcon_core.package_identification:_identify(src/turtlebot3_simulations) by extension 'python'
[1.208s] Level 1:colcon.colcon_core.package_identification:_identify(src/turtlebot3_simulations) by extensions ['python_setup_py']
[1.208s] Level 1:colcon.colcon_core.package_identification:_identify(src/turtlebot3_simulations) by extension 'python_setup_py'
[1.209s] Level 1:colcon.colcon_core.package_identification:_identify(src/turtlebot3_simulations/turtlebot3_fake_node) by extensions ['ignore', 'ignore_ament_install']
[1.209s] Level 1:colcon.colcon_core.package_identification:_identify(src/turtlebot3_simulations/turtlebot3_fake_node) by extension 'ignore'
[1.209s] Level 1:colcon.colcon_core.package_identification:_identify(src/turtlebot3_simulations/turtlebot3_fake_node) by extension 'ignore_ament_install'
[1.209s] Level 1:colcon.colcon_core.package_identification:_identify(src/turtlebot3_simulations/turtlebot3_fake_node) by extensions ['colcon_pkg']
[1.209s] Level 1:colcon.colcon_core.package_identification:_identify(src/turtlebot3_simulations/turtlebot3_fake_node) by extension 'colcon_pkg'
[1.209s] Level 1:colcon.colcon_core.package_identification:_identify(src/turtlebot3_simulations/turtlebot3_fake_node) by extensions ['colcon_meta']
[1.209s] Level 1:colcon.colcon_core.package_identification:_identify(src/turtlebot3_simulations/turtlebot3_fake_node) by extension 'colcon_meta'
[1.209s] Level 1:colcon.colcon_core.package_identification:_identify(src/turtlebot3_simulations/turtlebot3_fake_node) by extensions ['ros']
[1.209s] Level 1:colcon.colcon_core.package_identification:_identify(src/turtlebot3_simulations/turtlebot3_fake_node) by extension 'ros'
[1.210s] DEBUG:colcon.colcon_core.package_identification:Package 'src/turtlebot3_simulations/turtlebot3_fake_node' with type 'ros.ament_cmake' and name 'turtlebot3_fake_node'
[1.210s] Level 1:colcon.colcon_core.package_identification:_identify(src/turtlebot3_simulations/turtlebot3_gazebo) by extensions ['ignore', 'ignore_ament_install']
[1.210s] Level 1:colcon.colcon_core.package_identification:_identify(src/turtlebot3_simulations/turtlebot3_gazebo) by extension 'ignore'
[1.210s] Level 1:colcon.colcon_core.package_identification:_identify(src/turtlebot3_simulations/turtlebot3_gazebo) by extension 'ignore_ament_install'
[1.210s] Level 1:colcon.colcon_core.package_identification:_identify(src/turtlebot3_simulations/turtlebot3_gazebo) by extensions ['colcon_pkg']
[1.210s] Level 1:colcon.colcon_core.package_identification:_identify(src/turtlebot3_simulations/turtlebot3_gazebo) by extension 'colcon_pkg'
[1.210s] Level 1:colcon.colcon_core.package_identification:_identify(src/turtlebot3_simulations/turtlebot3_gazebo) by extensions ['colcon_meta']
[1.210s] Level 1:colcon.colcon_core.package_identification:_identify(src/turtlebot3_simulations/turtlebot3_gazebo) by extension 'colcon_meta'
[1.210s] Level 1:colcon.colcon_core.package_identification:_identify(src/turtlebot3_simulations/turtlebot3_gazebo) by extensions ['ros']
[1.210s] Level 1:colcon.colcon_core.package_identification:_identify(src/turtlebot3_simulations/turtlebot3_gazebo) by extension 'ros'
[1.211s] DEBUG:colcon.colcon_core.package_identification:Package 'src/turtlebot3_simulations/turtlebot3_gazebo' with type 'ros.ament_cmake' and name 'turtlebot3_gazebo'
[1.211s] Level 1:colcon.colcon_core.package_identification:_identify(src/turtlebot3_simulations/turtlebot3_simulations) by extensions ['ignore', 'ignore_ament_install']
[1.211s] Level 1:colcon.colcon_core.package_identification:_identify(src/turtlebot3_simulations/turtlebot3_simulations) by extension 'ignore'
[1.211s] Level 1:colcon.colcon_core.package_identification:_identify(src/turtlebot3_simulations/turtlebot3_simulations) by extension 'ignore_ament_install'
[1.211s] Level 1:colcon.colcon_core.package_identification:_identify(src/turtlebot3_simulations/turtlebot3_simulations) by extensions ['colcon_pkg']
[1.211s] Level 1:colcon.colcon_core.package_identification:_identify(src/turtlebot3_simulations/turtlebot3_simulations) by extension 'colcon_pkg'
[1.211s] Level 1:colcon.colcon_core.package_identification:_identify(src/turtlebot3_simulations/turtlebot3_simulations) by extensions ['colcon_meta']
[1.211s] Level 1:colcon.colcon_core.package_identification:_identify(src/turtlebot3_simulations/turtlebot3_simulations) by extension 'colcon_meta'
[1.211s] Level 1:colcon.colcon_core.package_identification:_identify(src/turtlebot3_simulations/turtlebot3_simulations) by extensions ['ros']
[1.211s] Level 1:colcon.colcon_core.package_identification:_identify(src/turtlebot3_simulations/turtlebot3_simulations) by extension 'ros'
[1.212s] DEBUG:colcon.colcon_core.package_identification:Package 'src/turtlebot3_simulations/turtlebot3_simulations' with type 'ros.ament_cmake' and name 'turtlebot3_simulations'
[1.212s] Level 1:colcon.colcon_core.package_discovery:discover_packages(recursive) using defaults
[1.212s] Level 1:colcon.colcon_core.package_discovery:discover_packages(ignore) discover
[1.212s] Level 1:colcon.colcon_core.package_discovery:discover_packages(ignore) using defaults
[1.212s] Level 1:colcon.colcon_core.package_discovery:discover_packages(path) discover
[1.212s] Level 1:colcon.colcon_core.package_discovery:discover_packages(path) using defaults
[1.328s] Level 1:colcon.colcon_core.package_discovery:discover_packages(prefix_path) check parameters
[1.328s] Level 1:colcon.colcon_core.package_discovery:discover_packages(prefix_path) discover
[1.365s] DEBUG:colcon.colcon_installed_package_information.package_discovery:Found 2 installed packages in /home/ezzedinayman/ros2_ws/install
[1.383s] DEBUG:colcon.colcon_installed_package_information.package_discovery:Found 380 installed packages in /opt/ros/humble
[1.384s] Level 1:colcon.colcon_core.package_discovery:discover_packages(prefix_path) using defaults
[1.488s] Level 5:colcon.colcon_core.verb:set package 'kalman_filter' build argument 'cmake_args' from command line to 'None'
[1.488s] Level 5:colcon.colcon_core.verb:set package 'kalman_filter' build argument 'cmake_target' from command line to 'None'
[1.488s] Level 5:colcon.colcon_core.verb:set package 'kalman_filter' build argument 'cmake_target_skip_unavailable' from command line to 'False'
[1.488s] Level 5:colcon.colcon_core.verb:set package 'kalman_filter' build argument 'cmake_clean_cache' from command line to 'False'
[1.488s] Level 5:colcon.colcon_core.verb:set package 'kalman_filter' build argument 'cmake_clean_first' from command line to 'False'
[1.488s] Level 5:colcon.colcon_core.verb:set package 'kalman_filter' build argument 'cmake_force_configure' from command line to 'False'
[1.488s] Level 5:colcon.colcon_core.verb:set package 'kalman_filter' build argument 'ament_cmake_args' from command line to 'None'
[1.488s] Level 5:colcon.colcon_core.verb:set package 'kalman_filter' build argument 'catkin_cmake_args' from command line to 'None'
[1.488s] Level 5:colcon.colcon_core.verb:set package 'kalman_filter' build argument 'catkin_skip_building_tests' from command line to 'False'
[1.488s] DEBUG:colcon.colcon_core.verb:Building package 'kalman_filter' with the following arguments: {'ament_cmake_args': None, 'build_base': '/home/ezzedinayman/turtlebot3_localization/build/kalman_filter', 'catkin_cmake_args': None, 'catkin_skip_building_tests': False, 'cmake_args': None, 'cmake_clean_cache': False, 'cmake_clean_first': False, 'cmake_force_configure': False, 'cmake_target': None, 'cmake_target_skip_unavailable': False, 'install_base': '/home/ezzedinayman/turtlebot3_localization/install/kalman_filter', 'merge_install': False, 'path': '/home/ezzedinayman/turtlebot3_localization/src/kalman_filter', 'symlink_install': False, 'test_result_base': None}
[1.507s] Level 5:colcon.colcon_core.verb:set package 'turtlebot3_fake_node' build argument 'cmake_args' from command line to 'None'
[1.507s] Level 5:colcon.colcon_core.verb:set package 'turtlebot3_fake_node' build argument 'cmake_target' from command line to 'None'
[1.507s] Level 5:colcon.colcon_core.verb:set package 'turtlebot3_fake_node' build argument 'cmake_target_skip_unavailable' from command line to 'False'
[1.507s] Level 5:colcon.colcon_core.verb:set package 'turtlebot3_fake_node' build argument 'cmake_clean_cache' from command line to 'False'
[1.507s] Level 5:colcon.colcon_core.verb:set package 'turtlebot3_fake_node' build argument 'cmake_clean_first' from command line to 'False'
[1.507s] Level 5:colcon.colcon_core.verb:set package 'turtlebot3_fake_node' build argument 'cmake_force_configure' from command line to 'False'
[1.507s] Level 5:colcon.colcon_core.verb:set package 'turtlebot3_fake_node' build argument 'ament_cmake_args' from command line to 'None'
[1.507s] Level 5:colcon.colcon_core.verb:set package 'turtlebot3_fake_node' build argument 'catkin_cmake_args' from command line to 'None'
[1.507s] Level 5:colcon.colcon_core.verb:set package 'turtlebot3_fake_node' build argument 'catkin_skip_building_tests' from command line to 'False'
[1.507s] DEBUG:colcon.colcon_core.verb:Building package 'turtlebot3_fake_node' with the following arguments: {'ament_cmake_args': None, 'build_base': '/home/ezzedinayman/turtlebot3_localization/build/turtlebot3_fake_node', 'catkin_cmake_args': None, 'catkin_skip_building_tests': False, 'cmake_args': None, 'cmake_clean_cache': False, 'cmake_clean_first': False, 'cmake_force_configure': False, 'cmake_target': None, 'cmake_target_skip_unavailable': False, 'install_base': '/home/ezzedinayman/turtlebot3_localization/install/turtlebot3_fake_node', 'merge_install': False, 'path': '/home/ezzedinayman/turtlebot3_localization/src/turtlebot3_simulations/turtlebot3_fake_node', 'symlink_install': False, 'test_result_base': None}
[1.525s] Level 5:colcon.colcon_core.verb:set package 'turtlebot3_gazebo' build argument 'cmake_args' from command line to 'None'
[1.525s] Level 5:colcon.colcon_core.verb:set package 'turtlebot3_gazebo' build argument 'cmake_target' from command line to 'None'
[1.525s] Level 5:colcon.colcon_core.verb:set package 'turtlebot3_gazebo' build argument 'cmake_target_skip_unavailable' from command line to 'False'
[1.525s] Level 5:colcon.colcon_core.verb:set package 'turtlebot3_gazebo' build argument 'cmake_clean_cache' from command line to 'False'
[1.525s] Level 5:colcon.colcon_core.verb:set package 'turtlebot3_gazebo' build argument 'cmake_clean_first' from command line to 'False'
[1.525s] Level 5:colcon.colcon_core.verb:set package 'turtlebot3_gazebo' build argument 'cmake_force_configure' from command line to 'False'
[1.525s] Level 5:colcon.colcon_core.verb:set package 'turtlebot3_gazebo' build argument 'ament_cmake_args' from command line to 'None'
[1.525s] Level 5:colcon.colcon_core.verb:set package 'turtlebot3_gazebo' build argument 'catkin_cmake_args' from command line to 'None'
[1.525s] Level 5:colcon.colcon_core.verb:set package 'turtlebot3_gazebo' build argument 'catkin_skip_building_tests' from command line to 'False'
[1.525s] DEBUG:colcon.colcon_core.verb:Building package 'turtlebot3_gazebo' with the following arguments: {'ament_cmake_args': None, 'build_base': '/home/ezzedinayman/turtlebot3_localization/build/turtlebot3_gazebo', 'catkin_cmake_args': None, 'catkin_skip_building_tests': False, 'cmake_args': None, 'cmake_clean_cache': False, 'cmake_clean_first': False, 'cmake_force_configure': False, 'cmake_target': None, 'cmake_target_skip_unavailable': False, 'install_base': '/home/ezzedinayman/turtlebot3_localization/install/turtlebot3_gazebo', 'merge_install': False, 'path': '/home/ezzedinayman/turtlebot3_localization/src/turtlebot3_simulations/turtlebot3_gazebo', 'symlink_install': False, 'test_result_base': None}
[1.543s] Level 5:colcon.colcon_core.verb:set package 'turtlebot3_simulations' build argument 'cmake_args' from command line to 'None'
[1.543s] Level 5:colcon.colcon_core.verb:set package 'turtlebot3_simulations' build argument 'cmake_target' from command line to 'None'
[1.543s] Level 5:colcon.colcon_core.verb:set package 'turtlebot3_simulations' build argument 'cmake_target_skip_unavailable' from command line to 'False'
[1.544s] Level 5:colcon.colcon_core.verb:set package 'turtlebot3_simulations' build argument 'cmake_clean_cache' from command line to 'False'
[1.544s] Level 5:colcon.colcon_core.verb:set package 'turtlebot3_simulations' build argument 'cmake_clean_first' from command line to 'False'
[1.544s] Level 5:colcon.colcon_core.verb:set package 'turtlebot3_simulations' build argument 'cmake_force_configure' from command line to 'False'
[1.544s] Level 5:colcon.colcon_core.verb:set package 'turtlebot3_simulations' build argument 'ament_cmake_args' from command line to 'None'
[1.544s] Level 5:colcon.colcon_core.verb:set package 'turtlebot3_simulations' build argument 'catkin_cmake_args' from command line to 'None'
[1.544s] Level 5:colcon.colcon_core.verb:set package 'turtlebot3_simulations' build argument 'catkin_skip_building_tests' from command line to 'False'
[1.544s] DEBUG:colcon.colcon_core.verb:Building package 'turtlebot3_simulations' with the following arguments: {'ament_cmake_args': None, 'build_base': '/home/ezzedinayman/turtlebot3_localization/build/turtlebot3_simulations', 'catkin_cmake_args': None, 'catkin_skip_building_tests': False, 'cmake_args': None, 'cmake_clean_cache': False, 'cmake_clean_first': False, 'cmake_force_configure': False, 'cmake_target': None, 'cmake_target_skip_unavailable': False, 'install_base': '/home/ezzedinayman/turtlebot3_localization/install/turtlebot3_simulations', 'merge_install': False, 'path': '/home/ezzedinayman/turtlebot3_localization/src/turtlebot3_simulations/turtlebot3_simulations', 'symlink_install': False, 'test_result_base': None}
[1.562s] INFO:colcon.colcon_core.executor:Executing jobs using 'parallel' executor
[1.581s] DEBUG:colcon.colcon_parallel_executor.executor.parallel:run_until_complete
[1.581s] INFO:colcon.colcon_ros.task.ament_cmake.build:Building ROS package in '/home/ezzedinayman/turtlebot3_localization/src/turtlebot3_simulations/turtlebot3_fake_node' with build type 'ament_cmake'
[1.581s] INFO:colcon.colcon_cmake.task.cmake.build:Building CMake package in '/home/ezzedinayman/turtlebot3_localization/src/turtlebot3_simulations/turtlebot3_fake_node'
[1.602s] INFO:colcon.colcon_core.plugin_system:Skipping extension 'colcon_core.shell.bat': Not used on non-Windows systems
[1.602s] INFO:colcon.colcon_core.shell:Skip shell extension 'powershell' for command environment: Not usable outside of PowerShell
[1.602s] DEBUG:colcon.colcon_core.shell:Skip shell extension 'dsv' for command environment
[1.662s] INFO:colcon.colcon_ros.task.ament_cmake.build:Building ROS package in '/home/ezzedinayman/turtlebot3_localization/src/turtlebot3_simulations/turtlebot3_gazebo' with build type 'ament_cmake'
[1.662s] INFO:colcon.colcon_cmake.task.cmake.build:Building CMake package in '/home/ezzedinayman/turtlebot3_localization/src/turtlebot3_simulations/turtlebot3_gazebo'
[1.683s] INFO:colcon.colcon_core.shell:Skip shell extension 'powershell' for command environment: Not usable outside of PowerShell
[1.683s] DEBUG:colcon.colcon_core.shell:Skip shell extension 'dsv' for command environment
[1.745s] INFO:colcon.colcon_ros.task.ament_python.build:Building ROS package in '/home/ezzedinayman/turtlebot3_localization/src/kalman_filter' with build type 'ament_python'
[1.745s] Level 1:colcon.colcon_core.shell:create_environment_hook('kalman_filter', 'ament_prefix_path')
[1.765s] INFO:colcon.colcon_core.shell:Creating environment hook '/home/ezzedinayman/turtlebot3_localization/install/kalman_filter/share/kalman_filter/hook/ament_prefix_path.ps1'
[1.766s] INFO:colcon.colcon_core.shell:Creating environment descriptor '/home/ezzedinayman/turtlebot3_localization/install/kalman_filter/share/kalman_filter/hook/ament_prefix_path.dsv'
[1.766s] INFO:colcon.colcon_core.shell:Creating environment hook '/home/ezzedinayman/turtlebot3_localization/install/kalman_filter/share/kalman_filter/hook/ament_prefix_path.sh'
[1.787s] INFO:colcon.colcon_core.shell:Skip shell extension 'powershell' for command environment: Not usable outside of PowerShell
[1.787s] DEBUG:colcon.colcon_core.shell:Skip shell extension 'dsv' for command environment
[1.850s] DEBUG:colcon.colcon_core.event_handler.log_command:Invoking command in '/home/ezzedinayman/turtlebot3_localization/build/turtlebot3_fake_node': CMAKE_PREFIX_PATH=/home/ezzedinayman/ros2_ws/install/my_robot_controller:/home/ezzedinayman/ros2_ws/install/coppelia:/opt/ros/humble /home/ezzedinayman/.local/bin/cmake /home/ezzedinayman/turtlebot3_localization/src/turtlebot3_simulations/turtlebot3_fake_node -DCMAKE_INSTALL_PREFIX=/home/ezzedinayman/turtlebot3_localization/install/turtlebot3_fake_node
[1.853s] DEBUG:colcon.colcon_core.event_handler.log_command:Invoking command in '/home/ezzedinayman/turtlebot3_localization/build/turtlebot3_gazebo': CMAKE_PREFIX_PATH=/home/ezzedinayman/ros2_ws/install/my_robot_controller:/home/ezzedinayman/ros2_ws/install/coppelia:/opt/ros/humble /home/ezzedinayman/.local/bin/cmake /home/ezzedinayman/turtlebot3_localization/src/turtlebot3_simulations/turtlebot3_gazebo -DCMAKE_INSTALL_PREFIX=/home/ezzedinayman/turtlebot3_localization/install/turtlebot3_gazebo
[2.175s] INFO:colcon.colcon_core.task.python.build:Building Python package in '/home/ezzedinayman/turtlebot3_localization/src/kalman_filter'
[2.198s] INFO:colcon.colcon_core.shell:Skip shell extension 'powershell' for command environment: Not usable outside of PowerShell
[2.198s] DEBUG:colcon.colcon_core.shell:Skip shell extension 'dsv' for command environment
[2.682s] DEBUG:colcon.colcon_core.event_handler.log_command:Invoking command in '/home/ezzedinayman/turtlebot3_localization/src/kalman_filter': PYTHONPATH=/home/ezzedinayman/turtlebot3_localization/build/kalman_filter/prefix_override:/home/ezzedinayman/turtlebot3_localization/install/kalman_filter/lib/python3.10/site-packages:${PYTHONPATH} /usr/bin/python3 setup.py egg_info --egg-base ../../build/kalman_filter build --build-base /home/ezzedinayman/turtlebot3_localization/build/kalman_filter/build install --record /home/ezzedinayman/turtlebot3_localization/build/kalman_filter/install.log --single-version-externally-managed
[3.042s] DEBUG:colcon.colcon_core.event_handler.log_command:Invoked command in '/home/ezzedinayman/turtlebot3_localization/src/kalman_filter' returned '0': PYTHONPATH=/home/ezzedinayman/turtlebot3_localization/build/kalman_filter/prefix_override:/home/ezzedinayman/turtlebot3_localization/install/kalman_filter/lib/python3.10/site-packages:${PYTHONPATH} /usr/bin/python3 setup.py egg_info --egg-base ../../build/kalman_filter build --build-base /home/ezzedinayman/turtlebot3_localization/build/kalman_filter/build install --record /home/ezzedinayman/turtlebot3_localization/build/kalman_filter/install.log --single-version-externally-managed
[3.064s] Level 1:colcon.colcon_core.environment:checking '/home/ezzedinayman/turtlebot3_localization/install/kalman_filter' for CMake module files
[3.064s] Level 1:colcon.colcon_core.environment:checking '/home/ezzedinayman/turtlebot3_localization/install/kalman_filter' for CMake config files
[3.065s] Level 1:colcon.colcon_core.environment:checking '/home/ezzedinayman/turtlebot3_localization/install/kalman_filter/lib'
[3.065s] Level 1:colcon.colcon_core.environment:checking '/home/ezzedinayman/turtlebot3_localization/install/kalman_filter/bin'
[3.065s] Level 1:colcon.colcon_core.environment:checking '/home/ezzedinayman/turtlebot3_localization/install/kalman_filter/lib/pkgconfig/kalman_filter.pc'
[3.065s] Level 1:colcon.colcon_core.environment:checking '/home/ezzedinayman/turtlebot3_localization/install/kalman_filter/lib/python3.10/site-packages'
[3.065s] Level 1:colcon.colcon_core.shell:create_environment_hook('kalman_filter', 'pythonpath')
[3.085s] INFO:colcon.colcon_core.shell:Creating environment hook '/home/ezzedinayman/turtlebot3_localization/install/kalman_filter/share/kalman_filter/hook/pythonpath.ps1'
[3.085s] INFO:colcon.colcon_core.shell:Creating environment descriptor '/home/ezzedinayman/turtlebot3_localization/install/kalman_filter/share/kalman_filter/hook/pythonpath.dsv'
[3.085s] INFO:colcon.colcon_core.shell:Creating environment hook '/home/ezzedinayman/turtlebot3_localization/install/kalman_filter/share/kalman_filter/hook/pythonpath.sh'
[3.086s] Level 1:colcon.colcon_core.environment:checking '/home/ezzedinayman/turtlebot3_localization/install/kalman_filter/bin'
[3.086s] Level 1:colcon.colcon_core.environment:create_environment_scripts_only(kalman_filter)
[3.114s] INFO:colcon.colcon_core.shell:Creating package script '/home/ezzedinayman/turtlebot3_localization/install/kalman_filter/share/kalman_filter/package.ps1'
[3.115s] INFO:colcon.colcon_core.shell:Creating package descriptor '/home/ezzedinayman/turtlebot3_localization/install/kalman_filter/share/kalman_filter/package.dsv'
[3.116s] INFO:colcon.colcon_core.shell:Creating package script '/home/ezzedinayman/turtlebot3_localization/install/kalman_filter/share/kalman_filter/package.sh'
[3.116s] INFO:colcon.colcon_core.shell:Creating package script '/home/ezzedinayman/turtlebot3_localization/install/kalman_filter/share/kalman_filter/package.bash'
[3.117s] INFO:colcon.colcon_core.shell:Creating package script '/home/ezzedinayman/turtlebot3_localization/install/kalman_filter/share/kalman_filter/package.zsh'
[3.117s] Level 1:colcon.colcon_core.environment:create_file_with_runtime_dependencies(/home/ezzedinayman/turtlebot3_localization/install/kalman_filter/share/colcon-core/packages/kalman_filter)
[4.609s] DEBUG:colcon.colcon_core.event_handler.log_command:Invoked command in '/home/ezzedinayman/turtlebot3_localization/build/turtlebot3_fake_node' returned '0': CMAKE_PREFIX_PATH=/home/ezzedinayman/ros2_ws/install/my_robot_controller:/home/ezzedinayman/ros2_ws/install/coppelia:/opt/ros/humble /home/ezzedinayman/.local/bin/cmake /home/ezzedinayman/turtlebot3_localization/src/turtlebot3_simulations/turtlebot3_fake_node -DCMAKE_INSTALL_PREFIX=/home/ezzedinayman/turtlebot3_localization/install/turtlebot3_fake_node
[4.611s] DEBUG:colcon.colcon_core.event_handler.log_command:Invoking command in '/home/ezzedinayman/turtlebot3_localization/build/turtlebot3_fake_node': CMAKE_PREFIX_PATH=/home/ezzedinayman/ros2_ws/install/my_robot_controller:/home/ezzedinayman/ros2_ws/install/coppelia:/opt/ros/humble /home/ezzedinayman/.local/bin/cmake --build /home/ezzedinayman/turtlebot3_localization/build/turtlebot3_fake_node -- -j8 -l8
[5.187s] DEBUG:colcon.colcon_core.event_handler.log_command:Invoked command in '/home/ezzedinayman/turtlebot3_localization/build/turtlebot3_gazebo' returned '0': CMAKE_PREFIX_PATH=/home/ezzedinayman/ros2_ws/install/my_robot_controller:/home/ezzedinayman/ros2_ws/install/coppelia:/opt/ros/humble /home/ezzedinayman/.local/bin/cmake /home/ezzedinayman/turtlebot3_localization/src/turtlebot3_simulations/turtlebot3_gazebo -DCMAKE_INSTALL_PREFIX=/home/ezzedinayman/turtlebot3_localization/install/turtlebot3_gazebo
[5.188s] DEBUG:colcon.colcon_core.event_handler.log_command:Invoking command in '/home/ezzedinayman/turtlebot3_localization/build/turtlebot3_gazebo': CMAKE_PREFIX_PATH=/home/ezzedinayman/ros2_ws/install/my_robot_controller:/home/ezzedinayman/ros2_ws/install/coppelia:/opt/ros/humble /home/ezzedinayman/.local/bin/cmake --build /home/ezzedinayman/turtlebot3_localization/build/turtlebot3_gazebo -- -j8 -l8
[19.274s] DEBUG:colcon.colcon_core.event_handler.log_command:Invoked command in '/home/ezzedinayman/turtlebot3_localization/build/turtlebot3_fake_node' returned '0': CMAKE_PREFIX_PATH=/home/ezzedinayman/ros2_ws/install/my_robot_controller:/home/ezzedinayman/ros2_ws/install/coppelia:/opt/ros/humble /home/ezzedinayman/.local/bin/cmake --build /home/ezzedinayman/turtlebot3_localization/build/turtlebot3_fake_node -- -j8 -l8
[19.425s] DEBUG:colcon.colcon_core.event_handler.log_command:Invoking command in '/home/ezzedinayman/turtlebot3_localization/build/turtlebot3_fake_node': CMAKE_PREFIX_PATH=/home/ezzedinayman/ros2_ws/install/my_robot_controller:/home/ezzedinayman/ros2_ws/install/coppelia:/opt/ros/humble /home/ezzedinayman/.local/bin/cmake --install /home/ezzedinayman/turtlebot3_localization/build/turtlebot3_fake_node
[19.493s] Level 1:colcon.colcon_core.environment:create_environment_scripts_only(turtlebot3_fake_node)
[19.494s] DEBUG:colcon.colcon_core.event_handler.log_command:Invoked command in '/home/ezzedinayman/turtlebot3_localization/build/turtlebot3_fake_node' returned '0': CMAKE_PREFIX_PATH=/home/ezzedinayman/ros2_ws/install/my_robot_controller:/home/ezzedinayman/ros2_ws/install/coppelia:/opt/ros/humble /home/ezzedinayman/.local/bin/cmake --install /home/ezzedinayman/turtlebot3_localization/build/turtlebot3_fake_node
[19.533s] Level 1:colcon.colcon_core.environment:checking '/home/ezzedinayman/turtlebot3_localization/install/turtlebot3_fake_node' for CMake module files
[19.534s] Level 1:colcon.colcon_core.environment:checking '/home/ezzedinayman/turtlebot3_localization/install/turtlebot3_fake_node' for CMake config files
[19.534s] Level 1:colcon.colcon_core.shell:create_environment_hook('turtlebot3_fake_node', 'cmake_prefix_path')
[19.575s] INFO:colcon.colcon_core.shell:Creating environment hook '/home/ezzedinayman/turtlebot3_localization/install/turtlebot3_fake_node/share/turtlebot3_fake_node/hook/cmake_prefix_path.ps1'
[19.575s] INFO:colcon.colcon_core.shell:Creating environment descriptor '/home/ezzedinayman/turtlebot3_localization/install/turtlebot3_fake_node/share/turtlebot3_fake_node/hook/cmake_prefix_path.dsv'
[19.576s] INFO:colcon.colcon_core.shell:Creating environment hook '/home/ezzedinayman/turtlebot3_localization/install/turtlebot3_fake_node/share/turtlebot3_fake_node/hook/cmake_prefix_path.sh'
[19.577s] Level 1:colcon.colcon_core.environment:checking '/home/ezzedinayman/turtlebot3_localization/install/turtlebot3_fake_node/lib'
[19.577s] Level 1:colcon.colcon_core.environment:checking '/home/ezzedinayman/turtlebot3_localization/install/turtlebot3_fake_node/bin'
[19.577s] Level 1:colcon.colcon_core.environment:checking '/home/ezzedinayman/turtlebot3_localization/install/turtlebot3_fake_node/lib/pkgconfig/turtlebot3_fake_node.pc'
[19.577s] Level 1:colcon.colcon_core.environment:checking '/home/ezzedinayman/turtlebot3_localization/install/turtlebot3_fake_node/lib/python3.10/site-packages'
[19.578s] Level 1:colcon.colcon_core.environment:checking '/home/ezzedinayman/turtlebot3_localization/install/turtlebot3_fake_node/bin'
[19.619s] INFO:colcon.colcon_core.shell:Creating package script '/home/ezzedinayman/turtlebot3_localization/install/turtlebot3_fake_node/share/turtlebot3_fake_node/package.ps1'
[19.619s] INFO:colcon.colcon_core.shell:Creating package descriptor '/home/ezzedinayman/turtlebot3_localization/install/turtlebot3_fake_node/share/turtlebot3_fake_node/package.dsv'
[19.620s] INFO:colcon.colcon_core.shell:Creating package script '/home/ezzedinayman/turtlebot3_localization/install/turtlebot3_fake_node/share/turtlebot3_fake_node/package.sh'
[19.621s] INFO:colcon.colcon_core.shell:Creating package script '/home/ezzedinayman/turtlebot3_localization/install/turtlebot3_fake_node/share/turtlebot3_fake_node/package.bash'
[19.621s] INFO:colcon.colcon_core.shell:Creating package script '/home/ezzedinayman/turtlebot3_localization/install/turtlebot3_fake_node/share/turtlebot3_fake_node/package.zsh'
[19.621s] Level 1:colcon.colcon_core.environment:create_file_with_runtime_dependencies(/home/ezzedinayman/turtlebot3_localization/install/turtlebot3_fake_node/share/colcon-core/packages/turtlebot3_fake_node)
[19.721s] Level 1:colcon.colcon_core.environment:create_environment_scripts_only(turtlebot3_fake_node)
[19.743s] Level 1:colcon.colcon_core.environment:checking '/home/ezzedinayman/turtlebot3_localization/install/turtlebot3_fake_node' for CMake module files
[19.744s] Level 1:colcon.colcon_core.environment:checking '/home/ezzedinayman/turtlebot3_localization/install/turtlebot3_fake_node' for CMake config files
[19.744s] Level 1:colcon.colcon_core.shell:create_environment_hook('turtlebot3_fake_node', 'cmake_prefix_path')
[19.769s] INFO:colcon.colcon_core.shell:Creating environment hook '/home/ezzedinayman/turtlebot3_localization/install/turtlebot3_fake_node/share/turtlebot3_fake_node/hook/cmake_prefix_path.ps1'
[19.769s] INFO:colcon.colcon_core.shell:Creating environment descriptor '/home/ezzedinayman/turtlebot3_localization/install/turtlebot3_fake_node/share/turtlebot3_fake_node/hook/cmake_prefix_path.dsv'
[19.770s] INFO:colcon.colcon_core.shell:Creating environment hook '/home/ezzedinayman/turtlebot3_localization/install/turtlebot3_fake_node/share/turtlebot3_fake_node/hook/cmake_prefix_path.sh'
[19.770s] Level 1:colcon.colcon_core.environment:checking '/home/ezzedinayman/turtlebot3_localization/install/turtlebot3_fake_node/lib'
[19.770s] Level 1:colcon.colcon_core.environment:checking '/home/ezzedinayman/turtlebot3_localization/install/turtlebot3_fake_node/bin'
[19.770s] Level 1:colcon.colcon_core.environment:checking '/home/ezzedinayman/turtlebot3_localization/install/turtlebot3_fake_node/lib/pkgconfig/turtlebot3_fake_node.pc'
[19.771s] Level 1:colcon.colcon_core.environment:checking '/home/ezzedinayman/turtlebot3_localization/install/turtlebot3_fake_node/lib/python3.10/site-packages'
[19.771s] Level 1:colcon.colcon_core.environment:checking '/home/ezzedinayman/turtlebot3_localization/install/turtlebot3_fake_node/bin'
[19.793s] INFO:colcon.colcon_core.shell:Creating package script '/home/ezzedinayman/turtlebot3_localization/install/turtlebot3_fake_node/share/turtlebot3_fake_node/package.ps1'
[19.794s] INFO:colcon.colcon_core.shell:Creating package descriptor '/home/ezzedinayman/turtlebot3_localization/install/turtlebot3_fake_node/share/turtlebot3_fake_node/package.dsv'
[19.795s] INFO:colcon.colcon_core.shell:Creating package script '/home/ezzedinayman/turtlebot3_localization/install/turtlebot3_fake_node/share/turtlebot3_fake_node/package.sh'
[19.795s] INFO:colcon.colcon_core.shell:Creating package script '/home/ezzedinayman/turtlebot3_localization/install/turtlebot3_fake_node/share/turtlebot3_fake_node/package.bash'
[19.796s] INFO:colcon.colcon_core.shell:Creating package script '/home/ezzedinayman/turtlebot3_localization/install/turtlebot3_fake_node/share/turtlebot3_fake_node/package.zsh'
[19.797s] Level 1:colcon.colcon_core.environment:create_file_with_runtime_dependencies(/home/ezzedinayman/turtlebot3_localization/install/turtlebot3_fake_node/share/colcon-core/packages/turtlebot3_fake_node)
[24.435s] DEBUG:colcon.colcon_core.event_handler.log_command:Invoked command in '/home/ezzedinayman/turtlebot3_localization/build/turtlebot3_gazebo' returned '0': CMAKE_PREFIX_PATH=/home/ezzedinayman/ros2_ws/install/my_robot_controller:/home/ezzedinayman/ros2_ws/install/coppelia:/opt/ros/humble /home/ezzedinayman/.local/bin/cmake --build /home/ezzedinayman/turtlebot3_localization/build/turtlebot3_gazebo -- -j8 -l8
[24.492s] DEBUG:colcon.colcon_core.event_handler.log_command:Invoking command in '/home/ezzedinayman/turtlebot3_localization/build/turtlebot3_gazebo': CMAKE_PREFIX_PATH=/home/ezzedinayman/ros2_ws/install/my_robot_controller:/home/ezzedinayman/ros2_ws/install/coppelia:/opt/ros/humble /home/ezzedinayman/.local/bin/cmake --install /home/ezzedinayman/turtlebot3_localization/build/turtlebot3_gazebo
[24.540s] Level 1:colcon.colcon_core.environment:create_environment_scripts_only(turtlebot3_gazebo)
[24.540s] DEBUG:colcon.colcon_core.event_handler.log_command:Invoked command in '/home/ezzedinayman/turtlebot3_localization/build/turtlebot3_gazebo' returned '0': CMAKE_PREFIX_PATH=/home/ezzedinayman/ros2_ws/install/my_robot_controller:/home/ezzedinayman/ros2_ws/install/coppelia:/opt/ros/humble /home/ezzedinayman/.local/bin/cmake --install /home/ezzedinayman/turtlebot3_localization/build/turtlebot3_gazebo
[24.560s] Level 1:colcon.colcon_core.environment:checking '/home/ezzedinayman/turtlebot3_localization/install/turtlebot3_gazebo' for CMake module files
[24.560s] Level 1:colcon.colcon_core.environment:checking '/home/ezzedinayman/turtlebot3_localization/install/turtlebot3_gazebo' for CMake config files
[24.561s] Level 1:colcon.colcon_core.shell:create_environment_hook('turtlebot3_gazebo', 'cmake_prefix_path')
[24.579s] INFO:colcon.colcon_core.shell:Creating environment hook '/home/ezzedinayman/turtlebot3_localization/install/turtlebot3_gazebo/share/turtlebot3_gazebo/hook/cmake_prefix_path.ps1'
[24.579s] INFO:colcon.colcon_core.shell:Creating environment descriptor '/home/ezzedinayman/turtlebot3_localization/install/turtlebot3_gazebo/share/turtlebot3_gazebo/hook/cmake_prefix_path.dsv'
[24.580s] INFO:colcon.colcon_core.shell:Creating environment hook '/home/ezzedinayman/turtlebot3_localization/install/turtlebot3_gazebo/share/turtlebot3_gazebo/hook/cmake_prefix_path.sh'
[24.580s] Level 1:colcon.colcon_core.environment:checking '/home/ezzedinayman/turtlebot3_localization/install/turtlebot3_gazebo/lib'
[24.580s] Level 1:colcon.colcon_core.environment:checking '/home/ezzedinayman/turtlebot3_localization/install/turtlebot3_gazebo/bin'
[24.580s] Level 1:colcon.colcon_core.environment:checking '/home/ezzedinayman/turtlebot3_localization/install/turtlebot3_gazebo/lib/pkgconfig/turtlebot3_gazebo.pc'
[24.581s] Level 1:colcon.colcon_core.environment:checking '/home/ezzedinayman/turtlebot3_localization/install/turtlebot3_gazebo/lib/python3.10/site-packages'
[24.581s] Level 1:colcon.colcon_core.environment:checking '/home/ezzedinayman/turtlebot3_localization/install/turtlebot3_gazebo/bin'
[24.598s] INFO:colcon.colcon_core.shell:Creating package script '/home/ezzedinayman/turtlebot3_localization/install/turtlebot3_gazebo/share/turtlebot3_gazebo/package.ps1'
[24.599s] INFO:colcon.colcon_core.shell:Creating package descriptor '/home/ezzedinayman/turtlebot3_localization/install/turtlebot3_gazebo/share/turtlebot3_gazebo/package.dsv'
[24.599s] INFO:colcon.colcon_core.shell:Creating package script '/home/ezzedinayman/turtlebot3_localization/install/turtlebot3_gazebo/share/turtlebot3_gazebo/package.sh'
[24.599s] INFO:colcon.colcon_core.shell:Creating package script '/home/ezzedinayman/turtlebot3_localization/install/turtlebot3_gazebo/share/turtlebot3_gazebo/package.bash'
[24.599s] INFO:colcon.colcon_core.shell:Creating package script '/home/ezzedinayman/turtlebot3_localization/install/turtlebot3_gazebo/share/turtlebot3_gazebo/package.zsh'
[24.600s] Level 1:colcon.colcon_core.environment:create_file_with_runtime_dependencies(/home/ezzedinayman/turtlebot3_localization/install/turtlebot3_gazebo/share/colcon-core/packages/turtlebot3_gazebo)
[24.668s] Level 1:colcon.colcon_core.environment:create_environment_scripts_only(turtlebot3_gazebo)
[24.686s] Level 1:colcon.colcon_core.environment:checking '/home/ezzedinayman/turtlebot3_localization/install/turtlebot3_gazebo' for CMake module files
[24.687s] Level 1:colcon.colcon_core.environment:checking '/home/ezzedinayman/turtlebot3_localization/install/turtlebot3_gazebo' for CMake config files
[24.687s] Level 1:colcon.colcon_core.shell:create_environment_hook('turtlebot3_gazebo', 'cmake_prefix_path')
[24.706s] INFO:colcon.colcon_core.shell:Creating environment hook '/home/ezzedinayman/turtlebot3_localization/install/turtlebot3_gazebo/share/turtlebot3_gazebo/hook/cmake_prefix_path.ps1'
[24.706s] INFO:colcon.colcon_core.shell:Creating environment descriptor '/home/ezzedinayman/turtlebot3_localization/install/turtlebot3_gazebo/share/turtlebot3_gazebo/hook/cmake_prefix_path.dsv'
[24.706s] INFO:colcon.colcon_core.shell:Creating environment hook '/home/ezzedinayman/turtlebot3_localization/install/turtlebot3_gazebo/share/turtlebot3_gazebo/hook/cmake_prefix_path.sh'
[24.707s] Level 1:colcon.colcon_core.environment:checking '/home/ezzedinayman/turtlebot3_localization/install/turtlebot3_gazebo/lib'
[24.707s] Level 1:colcon.colcon_core.environment:checking '/home/ezzedinayman/turtlebot3_localization/install/turtlebot3_gazebo/bin'
[24.707s] Level 1:colcon.colcon_core.environment:checking '/home/ezzedinayman/turtlebot3_localization/install/turtlebot3_gazebo/lib/pkgconfig/turtlebot3_gazebo.pc'
[24.707s] Level 1:colcon.colcon_core.environment:checking '/home/ezzedinayman/turtlebot3_localization/install/turtlebot3_gazebo/lib/python3.10/site-packages'
[24.707s] Level 1:colcon.colcon_core.environment:checking '/home/ezzedinayman/turtlebot3_localization/install/turtlebot3_gazebo/bin'
[24.726s] INFO:colcon.colcon_core.shell:Creating package script '/home/ezzedinayman/turtlebot3_localization/install/turtlebot3_gazebo/share/turtlebot3_gazebo/package.ps1'
[24.727s] INFO:colcon.colcon_core.shell:Creating package descriptor '/home/ezzedinayman/turtlebot3_localization/install/turtlebot3_gazebo/share/turtlebot3_gazebo/package.dsv'
[24.727s] INFO:colcon.colcon_core.shell:Creating package script '/home/ezzedinayman/turtlebot3_localization/install/turtlebot3_gazebo/share/turtlebot3_gazebo/package.sh'
[24.728s] INFO:colcon.colcon_core.shell:Creating package script '/home/ezzedinayman/turtlebot3_localization/install/turtlebot3_gazebo/share/turtlebot3_gazebo/package.bash'
[24.728s] INFO:colcon.colcon_core.shell:Creating package script '/home/ezzedinayman/turtlebot3_localization/install/turtlebot3_gazebo/share/turtlebot3_gazebo/package.zsh'
[24.728s] Level 1:colcon.colcon_core.environment:create_file_with_runtime_dependencies(/home/ezzedinayman/turtlebot3_localization/install/turtlebot3_gazebo/share/colcon-core/packages/turtlebot3_gazebo)
[24.728s] INFO:colcon.colcon_ros.task.ament_cmake.build:Building ROS package in '/home/ezzedinayman/turtlebot3_localization/src/turtlebot3_simulations/turtlebot3_simulations' with build type 'ament_cmake'
[24.729s] INFO:colcon.colcon_cmake.task.cmake.build:Building CMake package in '/home/ezzedinayman/turtlebot3_localization/src/turtlebot3_simulations/turtlebot3_simulations'
[24.748s] INFO:colcon.colcon_core.shell:Skip shell extension 'powershell' for command environment: Not usable outside of PowerShell
[24.748s] DEBUG:colcon.colcon_core.shell:Skip shell extension 'dsv' for command environment
[24.826s] DEBUG:colcon.colcon_core.event_handler.log_command:Invoking command in '/home/ezzedinayman/turtlebot3_localization/build/turtlebot3_simulations': AMENT_PREFIX_PATH=/home/ezzedinayman/turtlebot3_localization/install/turtlebot3_gazebo:/home/ezzedinayman/turtlebot3_localization/install/turtlebot3_fake_node:${AMENT_PREFIX_PATH} CMAKE_PREFIX_PATH=/home/ezzedinayman/turtlebot3_localization/install/turtlebot3_gazebo:/home/ezzedinayman/turtlebot3_localization/install/turtlebot3_fake_node:/home/ezzedinayman/ros2_ws/install/my_robot_controller:/home/ezzedinayman/ros2_ws/install/coppelia:/opt/ros/humble /home/ezzedinayman/.local/bin/cmake /home/ezzedinayman/turtlebot3_localization/src/turtlebot3_simulations/turtlebot3_simulations -DCMAKE_INSTALL_PREFIX=/home/ezzedinayman/turtlebot3_localization/install/turtlebot3_simulations
[25.962s] DEBUG:colcon.colcon_core.event_handler.log_command:Invoked command in '/home/ezzedinayman/turtlebot3_localization/build/turtlebot3_simulations' returned '0': AMENT_PREFIX_PATH=/home/ezzedinayman/turtlebot3_localization/install/turtlebot3_gazebo:/home/ezzedinayman/turtlebot3_localization/install/turtlebot3_fake_node:${AMENT_PREFIX_PATH} CMAKE_PREFIX_PATH=/home/ezzedinayman/turtlebot3_localization/install/turtlebot3_gazebo:/home/ezzedinayman/turtlebot3_localization/install/turtlebot3_fake_node:/home/ezzedinayman/ros2_ws/install/my_robot_controller:/home/ezzedinayman/ros2_ws/install/coppelia:/opt/ros/humble /home/ezzedinayman/.local/bin/cmake /home/ezzedinayman/turtlebot3_localization/src/turtlebot3_simulations/turtlebot3_simulations -DCMAKE_INSTALL_PREFIX=/home/ezzedinayman/turtlebot3_localization/install/turtlebot3_simulations
[25.962s] DEBUG:colcon.colcon_core.event_handler.log_command:Invoking command in '/home/ezzedinayman/turtlebot3_localization/build/turtlebot3_simulations': AMENT_PREFIX_PATH=/home/ezzedinayman/turtlebot3_localization/install/turtlebot3_gazebo:/home/ezzedinayman/turtlebot3_localization/install/turtlebot3_fake_node:${AMENT_PREFIX_PATH} CMAKE_PREFIX_PATH=/home/ezzedinayman/turtlebot3_localization/install/turtlebot3_gazebo:/home/ezzedinayman/turtlebot3_localization/install/turtlebot3_fake_node:/home/ezzedinayman/ros2_ws/install/my_robot_controller:/home/ezzedinayman/ros2_ws/install/coppelia:/opt/ros/humble /home/ezzedinayman/.local/bin/cmake --build /home/ezzedinayman/turtlebot3_localization/build/turtlebot3_simulations -- -j8 -l8
[26.000s] DEBUG:colcon.colcon_core.event_handler.log_command:Invoked command in '/home/ezzedinayman/turtlebot3_localization/build/turtlebot3_simulations' returned '0': AMENT_PREFIX_PATH=/home/ezzedinayman/turtlebot3_localization/install/turtlebot3_gazebo:/home/ezzedinayman/turtlebot3_localization/install/turtlebot3_fake_node:${AMENT_PREFIX_PATH} CMAKE_PREFIX_PATH=/home/ezzedinayman/turtlebot3_localization/install/turtlebot3_gazebo:/home/ezzedinayman/turtlebot3_localization/install/turtlebot3_fake_node:/home/ezzedinayman/ros2_ws/install/my_robot_controller:/home/ezzedinayman/ros2_ws/install/coppelia:/opt/ros/humble /home/ezzedinayman/.local/bin/cmake --build /home/ezzedinayman/turtlebot3_localization/build/turtlebot3_simulations -- -j8 -l8
[26.041s] DEBUG:colcon.colcon_core.event_handler.log_command:Invoking command in '/home/ezzedinayman/turtlebot3_localization/build/turtlebot3_simulations': AMENT_PREFIX_PATH=/home/ezzedinayman/turtlebot3_localization/install/turtlebot3_gazebo:/home/ezzedinayman/turtlebot3_localization/install/turtlebot3_fake_node:${AMENT_PREFIX_PATH} CMAKE_PREFIX_PATH=/home/ezzedinayman/turtlebot3_localization/install/turtlebot3_gazebo:/home/ezzedinayman/turtlebot3_localization/install/turtlebot3_fake_node:/home/ezzedinayman/ros2_ws/install/my_robot_controller:/home/ezzedinayman/ros2_ws/install/coppelia:/opt/ros/humble /home/ezzedinayman/.local/bin/cmake --install /home/ezzedinayman/turtlebot3_localization/build/turtlebot3_simulations
[26.071s] Level 1:colcon.colcon_core.environment:create_environment_scripts_only(turtlebot3_simulations)
[26.072s] DEBUG:colcon.colcon_core.event_handler.log_command:Invoked command in '/home/ezzedinayman/turtlebot3_localization/build/turtlebot3_simulations' returned '0': AMENT_PREFIX_PATH=/home/ezzedinayman/turtlebot3_localization/install/turtlebot3_gazebo:/home/ezzedinayman/turtlebot3_localization/install/turtlebot3_fake_node:${AMENT_PREFIX_PATH} CMAKE_PREFIX_PATH=/home/ezzedinayman/turtlebot3_localization/install/turtlebot3_gazebo:/home/ezzedinayman/turtlebot3_localization/install/turtlebot3_fake_node:/home/ezzedinayman/ros2_ws/install/my_robot_controller:/home/ezzedinayman/ros2_ws/install/coppelia:/opt/ros/humble /home/ezzedinayman/.local/bin/cmake --install /home/ezzedinayman/turtlebot3_localization/build/turtlebot3_simulations
[26.090s] Level 1:colcon.colcon_core.environment:checking '/home/ezzedinayman/turtlebot3_localization/install/turtlebot3_simulations' for CMake module files
[26.090s] Level 1:colcon.colcon_core.environment:checking '/home/ezzedinayman/turtlebot3_localization/install/turtlebot3_simulations' for CMake config files
[26.090s] Level 1:colcon.colcon_core.shell:create_environment_hook('turtlebot3_simulations', 'cmake_prefix_path')
[26.108s] INFO:colcon.colcon_core.shell:Creating environment hook '/home/ezzedinayman/turtlebot3_localization/install/turtlebot3_simulations/share/turtlebot3_simulations/hook/cmake_prefix_path.ps1'
[26.108s] INFO:colcon.colcon_core.shell:Creating environment descriptor '/home/ezzedinayman/turtlebot3_localization/install/turtlebot3_simulations/share/turtlebot3_simulations/hook/cmake_prefix_path.dsv'
[26.109s] INFO:colcon.colcon_core.shell:Creating environment hook '/home/ezzedinayman/turtlebot3_localization/install/turtlebot3_simulations/share/turtlebot3_simulations/hook/cmake_prefix_path.sh'
[26.109s] Level 1:colcon.colcon_core.environment:checking '/home/ezzedinayman/turtlebot3_localization/install/turtlebot3_simulations/bin'
[26.109s] Level 1:colcon.colcon_core.environment:checking '/home/ezzedinayman/turtlebot3_localization/install/turtlebot3_simulations/lib/pkgconfig/turtlebot3_simulations.pc'
[26.109s] Level 1:colcon.colcon_core.environment:checking '/home/ezzedinayman/turtlebot3_localization/install/turtlebot3_simulations/lib/python3.10/site-packages'
[26.109s] Level 1:colcon.colcon_core.environment:checking '/home/ezzedinayman/turtlebot3_localization/install/turtlebot3_simulations/bin'
[26.128s] INFO:colcon.colcon_core.shell:Creating package script '/home/ezzedinayman/turtlebot3_localization/install/turtlebot3_simulations/share/turtlebot3_simulations/package.ps1'
[26.129s] INFO:colcon.colcon_core.shell:Creating package descriptor '/home/ezzedinayman/turtlebot3_localization/install/turtlebot3_simulations/share/turtlebot3_simulations/package.dsv'
[26.129s] INFO:colcon.colcon_core.shell:Creating package script '/home/ezzedinayman/turtlebot3_localization/install/turtlebot3_simulations/share/turtlebot3_simulations/package.sh'
[26.129s] INFO:colcon.colcon_core.shell:Creating package script '/home/ezzedinayman/turtlebot3_localization/install/turtlebot3_simulations/share/turtlebot3_simulations/package.bash'
[26.130s] INFO:colcon.colcon_core.shell:Creating package script '/home/ezzedinayman/turtlebot3_localization/install/turtlebot3_simulations/share/turtlebot3_simulations/package.zsh'
[26.130s] Level 1:colcon.colcon_core.environment:create_file_with_runtime_dependencies(/home/ezzedinayman/turtlebot3_localization/install/turtlebot3_simulations/share/colcon-core/packages/turtlebot3_simulations)
[26.189s] Level 1:colcon.colcon_core.environment:create_environment_scripts_only(turtlebot3_simulations)
[26.206s] Level 1:colcon.colcon_core.environment:checking '/home/ezzedinayman/turtlebot3_localization/install/turtlebot3_simulations' for CMake module files
[26.207s] Level 1:colcon.colcon_core.environment:checking '/home/ezzedinayman/turtlebot3_localization/install/turtlebot3_simulations' for CMake config files
[26.207s] Level 1:colcon.colcon_core.shell:create_environment_hook('turtlebot3_simulations', 'cmake_prefix_path')
[26.225s] INFO:colcon.colcon_core.shell:Creating environment hook '/home/ezzedinayman/turtlebot3_localization/install/turtlebot3_simulations/share/turtlebot3_simulations/hook/cmake_prefix_path.ps1'
[26.225s] INFO:colcon.colcon_core.shell:Creating environment descriptor '/home/ezzedinayman/turtlebot3_localization/install/turtlebot3_simulations/share/turtlebot3_simulations/hook/cmake_prefix_path.dsv'
[26.225s] INFO:colcon.colcon_core.shell:Creating environment hook '/home/ezzedinayman/turtlebot3_localization/install/turtlebot3_simulations/share/turtlebot3_simulations/hook/cmake_prefix_path.sh'
[26.226s] Level 1:colcon.colcon_core.environment:checking '/home/ezzedinayman/turtlebot3_localization/install/turtlebot3_simulations/bin'
[26.226s] Level 1:colcon.colcon_core.environment:checking '/home/ezzedinayman/turtlebot3_localization/install/turtlebot3_simulations/lib/pkgconfig/turtlebot3_simulations.pc'
[26.226s] Level 1:colcon.colcon_core.environment:checking '/home/ezzedinayman/turtlebot3_localization/install/turtlebot3_simulations/lib/python3.10/site-packages'
[26.227s] Level 1:colcon.colcon_core.environment:checking '/home/ezzedinayman/turtlebot3_localization/install/turtlebot3_simulations/bin'
[26.244s] INFO:colcon.colcon_core.shell:Creating package script '/home/ezzedinayman/turtlebot3_localization/install/turtlebot3_simulations/share/turtlebot3_simulations/package.ps1'
[26.245s] INFO:colcon.colcon_core.shell:Creating package descriptor '/home/ezzedinayman/turtlebot3_localization/install/turtlebot3_simulations/share/turtlebot3_simulations/package.dsv'
[26.245s] INFO:colcon.colcon_core.shell:Creating package script '/home/ezzedinayman/turtlebot3_localization/install/turtlebot3_simulations/share/turtlebot3_simulations/package.sh'
[26.246s] INFO:colcon.colcon_core.shell:Creating package script '/home/ezzedinayman/turtlebot3_localization/install/turtlebot3_simulations/share/turtlebot3_simulations/package.bash'
[26.246s] INFO:colcon.colcon_core.shell:Creating package script '/home/ezzedinayman/turtlebot3_localization/install/turtlebot3_simulations/share/turtlebot3_simulations/package.zsh'
[26.246s] Level 1:colcon.colcon_core.environment:create_file_with_runtime_dependencies(/home/ezzedinayman/turtlebot3_localization/install/turtlebot3_simulations/share/colcon-core/packages/turtlebot3_simulations)
[26.246s] DEBUG:colcon.colcon_parallel_executor.executor.parallel:closing loop
[26.247s] DEBUG:colcon.colcon_parallel_executor.executor.parallel:loop closed
[26.247s] DEBUG:colcon.colcon_parallel_executor.executor.parallel:run_until_complete finished with '0'
[26.247s] DEBUG:colcon.colcon_core.event_reactor:joining thread
[26.271s] INFO:colcon.colcon_core.plugin_system:Skipping extension 'colcon_notification.desktop_notification.terminal_notifier': Not used on non-Darwin systems
[26.271s] INFO:colcon.colcon_core.plugin_system:Skipping extension 'colcon_notification.desktop_notification.win32': Not used on non-Windows systems
[26.271s] INFO:colcon.colcon_notification.desktop_notification:Sending desktop notification using 'notify2'
[26.282s] DEBUG:colcon.colcon_core.event_reactor:joined thread
[26.302s] INFO:colcon.colcon_core.shell:Creating prefix script '/home/ezzedinayman/turtlebot3_localization/install/local_setup.ps1'
[26.303s] INFO:colcon.colcon_core.shell:Creating prefix util module '/home/ezzedinayman/turtlebot3_localization/install/_local_setup_util_ps1.py'
[26.304s] INFO:colcon.colcon_core.shell:Creating prefix chain script '/home/ezzedinayman/turtlebot3_localization/install/setup.ps1'
[26.323s] INFO:colcon.colcon_core.shell:Creating prefix script '/home/ezzedinayman/turtlebot3_localization/install/local_setup.sh'
[26.323s] INFO:colcon.colcon_core.shell:Creating prefix util module '/home/ezzedinayman/turtlebot3_localization/install/_local_setup_util_sh.py'
[26.324s] INFO:colcon.colcon_core.shell:Creating prefix chain script '/home/ezzedinayman/turtlebot3_localization/install/setup.sh'
[26.343s] INFO:colcon.colcon_core.shell:Creating prefix script '/home/ezzedinayman/turtlebot3_localization/install/local_setup.bash'
[26.344s] INFO:colcon.colcon_core.shell:Creating prefix chain script '/home/ezzedinayman/turtlebot3_localization/install/setup.bash'
[26.363s] INFO:colcon.colcon_core.shell:Creating prefix script '/home/ezzedinayman/turtlebot3_localization/install/local_setup.zsh'
[26.364s] INFO:colcon.colcon_core.shell:Creating prefix chain script '/home/ezzedinayman/turtlebot3_localization/install/setup.zsh'
