[0.097s] Invoking command in '/home/ezzedinayman/turtlebot3_localization/build/turtlebot3_simulations': AMENT_PREFIX_PATH=/home/ezzedinayman/turtlebot3_localization/install/turtlebot3_gazebo:/home/ezzedinayman/turtlebot3_localization/install/turtlebot3_fake_node:${AMENT_PREFIX_PATH} CMAKE_PREFIX_PATH=/home/ezzedinayman/turtlebot3_localization/install/turtlebot3_gazebo:/home/ezzedinayman/turtlebot3_localization/install/turtlebot3_fake_node:/home/ezzedinayman/ros2_ws/install/my_robot_controller:/home/ezzedinayman/ros2_ws/install/coppelia:/opt/ros/humble /home/ezzedinayman/.local/bin/cmake /home/ezzedinayman/turtlebot3_localization/src/turtlebot3_simulations/turtlebot3_simulations -DCMAKE_INSTALL_PREFIX=/home/ezzedinayman/turtlebot3_localization/install/turtlebot3_simulations
[0.166s] -- The C compiler identification is GNU 11.4.0
[0.219s] -- The CXX compiler identification is GNU 11.4.0
[0.232s] -- Detecting C compiler ABI info
[0.288s] -- Detecting C compiler ABI info - done
[0.298s] -- Check for working C compiler: /usr/bin/cc - skipped
[0.299s] -- Detecting C compile features
[0.299s] -- Detecting C compile features - done
[0.307s] -- Detecting CXX compiler ABI info
[0.372s] -- Detecting CXX compiler ABI info - done
[0.383s] -- Check for working CXX compiler: /usr/bin/c++ - skipped
[0.383s] -- Detecting CXX compile features
[0.384s] -- Detecting CXX compile features - done
[0.387s] -- Found ament_cmake: 1.3.5 (/opt/ros/humble/share/ament_cmake/cmake)
[1.079s] -- Found Python3: /usr/bin/python3.10 (found version "3.10.12") found components: Interpreter 
[1.220s] -- Configuring done (1.1s)
[1.222s] -- Generating done (0.0s)
[1.223s] -- Build files have been written to: /home/ezzedinayman/turtlebot3_localization/build/turtlebot3_simulations
[1.232s] Invoked command in '/home/ezzedinayman/turtlebot3_localization/build/turtlebot3_simulations' returned '0': AMENT_PREFIX_PATH=/home/ezzedinayman/turtlebot3_localization/install/turtlebot3_gazebo:/home/ezzedinayman/turtlebot3_localization/install/turtlebot3_fake_node:${AMENT_PREFIX_PATH} CMAKE_PREFIX_PATH=/home/ezzedinayman/turtlebot3_localization/install/turtlebot3_gazebo:/home/ezzedinayman/turtlebot3_localization/install/turtlebot3_fake_node:/home/ezzedinayman/ros2_ws/install/my_robot_controller:/home/ezzedinayman/ros2_ws/install/coppelia:/opt/ros/humble /home/ezzedinayman/.local/bin/cmake /home/ezzedinayman/turtlebot3_localization/src/turtlebot3_simulations/turtlebot3_simulations -DCMAKE_INSTALL_PREFIX=/home/ezzedinayman/turtlebot3_localization/install/turtlebot3_simulations
[1.233s] Invoking command in '/home/ezzedinayman/turtlebot3_localization/build/turtlebot3_simulations': AMENT_PREFIX_PATH=/home/ezzedinayman/turtlebot3_localization/install/turtlebot3_gazebo:/home/ezzedinayman/turtlebot3_localization/install/turtlebot3_fake_node:${AMENT_PREFIX_PATH} CMAKE_PREFIX_PATH=/home/ezzedinayman/turtlebot3_localization/install/turtlebot3_gazebo:/home/ezzedinayman/turtlebot3_localization/install/turtlebot3_fake_node:/home/ezzedinayman/ros2_ws/install/my_robot_controller:/home/ezzedinayman/ros2_ws/install/coppelia:/opt/ros/humble /home/ezzedinayman/.local/bin/cmake --build /home/ezzedinayman/turtlebot3_localization/build/turtlebot3_simulations -- -j8 -l8
[1.270s] Invoked command in '/home/ezzedinayman/turtlebot3_localization/build/turtlebot3_simulations' returned '0': AMENT_PREFIX_PATH=/home/ezzedinayman/turtlebot3_localization/install/turtlebot3_gazebo:/home/ezzedinayman/turtlebot3_localization/install/turtlebot3_fake_node:${AMENT_PREFIX_PATH} CMAKE_PREFIX_PATH=/home/ezzedinayman/turtlebot3_localization/install/turtlebot3_gazebo:/home/ezzedinayman/turtlebot3_localization/install/turtlebot3_fake_node:/home/ezzedinayman/ros2_ws/install/my_robot_controller:/home/ezzedinayman/ros2_ws/install/coppelia:/opt/ros/humble /home/ezzedinayman/.local/bin/cmake --build /home/ezzedinayman/turtlebot3_localization/build/turtlebot3_simulations -- -j8 -l8
[1.311s] Invoking command in '/home/ezzedinayman/turtlebot3_localization/build/turtlebot3_simulations': AMENT_PREFIX_PATH=/home/ezzedinayman/turtlebot3_localization/install/turtlebot3_gazebo:/home/ezzedinayman/turtlebot3_localization/install/turtlebot3_fake_node:${AMENT_PREFIX_PATH} CMAKE_PREFIX_PATH=/home/ezzedinayman/turtlebot3_localization/install/turtlebot3_gazebo:/home/ezzedinayman/turtlebot3_localization/install/turtlebot3_fake_node:/home/ezzedinayman/ros2_ws/install/my_robot_controller:/home/ezzedinayman/ros2_ws/install/coppelia:/opt/ros/humble /home/ezzedinayman/.local/bin/cmake --install /home/ezzedinayman/turtlebot3_localization/build/turtlebot3_simulations
[1.335s] -- Install configuration: ""
[1.335s] -- Installing: /home/ezzedinayman/turtlebot3_localization/install/turtlebot3_simulations/share/ament_index/resource_index/package_run_dependencies/turtlebot3_simulations
[1.335s] -- Installing: /home/ezzedinayman/turtlebot3_localization/install/turtlebot3_simulations/share/ament_index/resource_index/parent_prefix_path/turtlebot3_simulations
[1.335s] -- Installing: /home/ezzedinayman/turtlebot3_localization/install/turtlebot3_simulations/share/turtlebot3_simulations/environment/ament_prefix_path.sh
[1.336s] -- Installing: /home/ezzedinayman/turtlebot3_localization/install/turtlebot3_simulations/share/turtlebot3_simulations/environment/ament_prefix_path.dsv
[1.336s] -- Installing: /home/ezzedinayman/turtlebot3_localization/install/turtlebot3_simulations/share/turtlebot3_simulations/environment/path.sh
[1.336s] -- Installing: /home/ezzedinayman/turtlebot3_localization/install/turtlebot3_simulations/share/turtlebot3_simulations/environment/path.dsv
[1.336s] -- Installing: /home/ezzedinayman/turtlebot3_localization/install/turtlebot3_simulations/share/turtlebot3_simulations/local_setup.bash
[1.336s] -- Installing: /home/ezzedinayman/turtlebot3_localization/install/turtlebot3_simulations/share/turtlebot3_simulations/local_setup.sh
[1.336s] -- Installing: /home/ezzedinayman/turtlebot3_localization/install/turtlebot3_simulations/share/turtlebot3_simulations/local_setup.zsh
[1.336s] -- Installing: /home/ezzedinayman/turtlebot3_localization/install/turtlebot3_simulations/share/turtlebot3_simulations/local_setup.dsv
[1.336s] -- Installing: /home/ezzedinayman/turtlebot3_localization/install/turtlebot3_simulations/share/turtlebot3_simulations/package.dsv
[1.337s] -- Installing: /home/ezzedinayman/turtlebot3_localization/install/turtlebot3_simulations/share/ament_index/resource_index/packages/turtlebot3_simulations
[1.337s] -- Installing: /home/ezzedinayman/turtlebot3_localization/install/turtlebot3_simulations/share/turtlebot3_simulations/cmake/turtlebot3_simulationsConfig.cmake
[1.337s] -- Installing: /home/ezzedinayman/turtlebot3_localization/install/turtlebot3_simulations/share/turtlebot3_simulations/cmake/turtlebot3_simulationsConfig-version.cmake
[1.337s] -- Installing: /home/ezzedinayman/turtlebot3_localization/install/turtlebot3_simulations/share/turtlebot3_simulations/package.xml
[1.342s] Invoked command in '/home/ezzedinayman/turtlebot3_localization/build/turtlebot3_simulations' returned '0': AMENT_PREFIX_PATH=/home/ezzedinayman/turtlebot3_localization/install/turtlebot3_gazebo:/home/ezzedinayman/turtlebot3_localization/install/turtlebot3_fake_node:${AMENT_PREFIX_PATH} CMAKE_PREFIX_PATH=/home/ezzedinayman/turtlebot3_localization/install/turtlebot3_gazebo:/home/ezzedinayman/turtlebot3_localization/install/turtlebot3_fake_node:/home/ezzedinayman/ros2_ws/install/my_robot_controller:/home/ezzedinayman/ros2_ws/install/coppelia:/opt/ros/humble /home/ezzedinayman/.local/bin/cmake --install /home/ezzedinayman/turtlebot3_localization/build/turtlebot3_simulations
