-- Found ament_cmake: 1.3.5 (/opt/ros/humble/share/ament_cmake/cmake)
-- Override CMake install command with custom implementation using symlinks instead of copying resources
-- Configuring done (0.3s)
-- Generating done (0.0s)
-- Build files have been written to: /home/ezzedinayman/turtlebot3_localization/build/turtlebot3_simulations
-- Install configuration: ""
-- Execute custom install script
-- Symlinking: /home/ezzedinayman/turtlebot3_localization/install/turtlebot3_simulations/share/ament_index/resource_index/package_run_dependencies/turtlebot3_simulations
-- Symlinking: /home/ezzedinayman/turtlebot3_localization/install/turtlebot3_simulations/share/ament_index/resource_index/parent_prefix_path/turtlebot3_simulations
-- Symlinking: /home/ezzedinayman/turtlebot3_localization/install/turtlebot3_simulations/share/turtlebot3_simulations/environment/ament_prefix_path.sh
-- Symlinking: /home/ezzedinayman/turtlebot3_localization/install/turtlebot3_simulations/share/turtlebot3_simulations/environment/ament_prefix_path.dsv
-- Symlinking: /home/ezzedinayman/turtlebot3_localization/install/turtlebot3_simulations/share/turtlebot3_simulations/environment/path.sh
-- Symlinking: /home/ezzedinayman/turtlebot3_localization/install/turtlebot3_simulations/share/turtlebot3_simulations/environment/path.dsv
-- Symlinking: /home/ezzedinayman/turtlebot3_localization/install/turtlebot3_simulations/share/turtlebot3_simulations/local_setup.bash
-- Symlinking: /home/ezzedinayman/turtlebot3_localization/install/turtlebot3_simulations/share/turtlebot3_simulations/local_setup.sh
-- Symlinking: /home/ezzedinayman/turtlebot3_localization/install/turtlebot3_simulations/share/turtlebot3_simulations/local_setup.zsh
-- Symlinking: /home/ezzedinayman/turtlebot3_localization/install/turtlebot3_simulations/share/turtlebot3_simulations/local_setup.dsv
-- Symlinking: /home/ezzedinayman/turtlebot3_localization/install/turtlebot3_simulations/share/turtlebot3_simulations/package.dsv
-- Symlinking: /home/ezzedinayman/turtlebot3_localization/install/turtlebot3_simulations/share/ament_index/resource_index/packages/turtlebot3_simulations
-- Symlinking: /home/ezzedinayman/turtlebot3_localization/install/turtlebot3_simulations/share/turtlebot3_simulations/cmake/turtlebot3_simulationsConfig.cmake
-- Symlinking: /home/ezzedinayman/turtlebot3_localization/install/turtlebot3_simulations/share/turtlebot3_simulations/cmake/turtlebot3_simulationsConfig-version.cmake
-- Symlinking: /home/ezzedinayman/turtlebot3_localization/install/turtlebot3_simulations/share/turtlebot3_simulations/package.xml
